<?xml version="1.0" encoding="UTF-8"?>
<testsuite xmlns:xsi="http://www.w3.org/2001/XMLSchema-instance" xsi:noNamespaceSchemaLocation="https://maven.apache.org/surefire/maven-surefire-plugin/xsd/surefire-test-report-3.0.xsd" version="3.0" name="com.example.publicaciones.PublicacionesApplicationTests" time="4.527" tests="1" errors="0" skipped="0" failures="0">
  <properties>
[...]
</properties>
  <testcase name="contextLoads" classname="com.example.publicaciones.PublicacionesApplicationTests" time="0.011">
    <system-out><![CDATA[11:33:26.599 [main] INFO org.springframework.test.context.support.AnnotationConfigContextLoaderUtils -- Could not detect default configuration classes for test class [com.example.publicaciones.PublicacionesApplicationTests]: PublicacionesApplicationTests does not declare any static, non-private, non-final, nested classes annotated with @Configuration.
11:33:26.662 [main] INFO org.springframework.boot.test.context.SpringBootTestContextBootstrapper -- Found @SpringBootConfiguration com.example.publicaciones.PublicacionesApplication for test class com.example.publicaciones.PublicacionesApplicationTests
11:33:26.750 [main] INFO org.springframework.boot.devtools.restart.RestartApplicationListener -- Restart disabled due to context in which it is running

  .   ____          _            __ _ _
 /\\ / ___'_ __ _ _(_)_ __  __ _ \ \ \ \
( ( )\___ | '_ | '_| | '_ \/ _` | \ \ \ \
 \\/  ___)| |_)| | | | | || (_| |  ) ) ) )
  '  |____| .__|_| |_|_| |_\__, | / / / /
 =========|_|==============|___/=/_/_/_/
 :: Spring Boot ::                (v3.2.5)

2024-04-27T11:33:26.942-04:00  INFO 5844 --- [           main] c.e.p.PublicacionesApplicationTests      : Starting PublicacionesApplicationTests using Java 21.0.3 with PID 5844 (started by chave in C:\Users\chave\OneDrive\Escritorio\Proyectos\publicaciones)
2024-04-27T11:33:26.943-04:00  INFO 5844 --- [           main] c.e.p.PublicacionesApplicationTests      : No active profile set, falling back to 1 default profile: "default"
2024-04-27T11:33:26.943-04:00 DEBUG 5844 --- [           main] o.s.boot.SpringApplication               : Loading source class com.example.publicaciones.PublicacionesApplication
2024-04-27T11:33:26.982-04:00 DEBUG 5844 --- [           main] o.s.w.c.s.GenericWebApplicationContext   : Refreshing org.springframework.web.context.support.GenericWebApplicationContext@557b6a37
2024-04-27T11:33:26.997-04:00 DEBUG 5844 --- [           main] o.s.b.f.s.DefaultListableBeanFactory     : Creating shared instance of singleton bean 'org.springframework.context.annotation.internalConfigurationAnnotationProcessor'
2024-04-27T11:33:27.007-04:00 DEBUG 5844 --- [           main] o.s.b.f.s.DefaultListableBeanFactory     : Creating shared instance of singleton bean 'org.springframework.boot.autoconfigure.internalCachingMetadataReaderFactory'
2024-04-27T11:33:27.030-04:00 DEBUG 5844 --- [           main] o.s.c.a.ClassPathBeanDefinitionScanner   : Identified candidate component class: file [C:\Users\chave\OneDrive\Escritorio\Proyectos\publicaciones\target\classes\com\example\publicaciones\controller\CalificacionController.class]
2024-04-27T11:33:27.034-04:00 DEBUG 5844 --- [           main] o.s.c.a.ClassPathBeanDefinitionScanner   : Identified candidate component class: file [C:\Users\chave\OneDrive\Escritorio\Proyectos\publicaciones\target\classes\com\example\publicaciones\controller\ComentarioController.class]
2024-04-27T11:33:27.039-04:00 DEBUG 5844 --- [           main] o.s.c.a.ClassPathBeanDefinitionScanner   : Identified candidate component class: file [C:\Users\chave\OneDrive\Escritorio\Proyectos\publicaciones\target\classes\com\example\publicaciones\controller\PublicacionController.class]
2024-04-27T11:33:27.046-04:00 DEBUG 5844 --- [           main] o.s.c.a.ClassPathBeanDefinitionScanner   : Ignored because not a concrete top-level class: file [C:\Users\chave\OneDrive\Escritorio\Proyectos\publicaciones\target\classes\com\example\publicaciones\repository\CalificacionRepository.class]
2024-04-27T11:33:27.047-04:00 DEBUG 5844 --- [           main] o.s.c.a.ClassPathBeanDefinitionScanner   : Ignored because not a concrete top-level class: file [C:\Users\chave\OneDrive\Escritorio\Proyectos\publicaciones\target\classes\com\example\publicaciones\repository\ComentarioRepository.class]
2024-04-27T11:33:27.047-04:00 DEBUG 5844 --- [           main] o.s.c.a.ClassPathBeanDefinitionScanner   : Ignored because not a concrete top-level class: file [C:\Users\chave\OneDrive\Escritorio\Proyectos\publicaciones\target\classes\com\example\publicaciones\repository\PublicacionRepository.class]
2024-04-27T11:33:27.053-04:00 DEBUG 5844 --- [           main] o.s.c.a.ClassPathBeanDefinitionScanner   : Identified candidate component class: file [C:\Users\chave\OneDrive\Escritorio\Proyectos\publicaciones\target\classes\com\example\publicaciones\service\CalificacionServiceImpl.class]
2024-04-27T11:33:27.054-04:00 DEBUG 5844 --- [           main] o.s.c.a.ClassPathBeanDefinitionScanner   : Identified candidate component class: file [C:\Users\chave\OneDrive\Escritorio\Proyectos\publicaciones\target\classes\com\example\publicaciones\service\ComentarioServiceImpl.class]
2024-04-27T11:33:27.055-04:00 DEBUG 5844 --- [           main] o.s.c.a.ClassPathBeanDefinitionScanner   : Identified candidate component class: file [C:\Users\chave\OneDrive\Escritorio\Proyectos\publicaciones\target\classes\com\example\publicaciones\service\PublicacionServiceImpl.class]
2024-04-27T11:33:27.485-04:00  INFO 5844 --- [           main] .s.d.r.c.RepositoryConfigurationDelegate : Bootstrapping Spring Data JPA repositories in DEFAULT mode.
2024-04-27T11:33:27.492-04:00 DEBUG 5844 --- [           main] o.s.b.f.s.DefaultListableBeanFactory     : Creating shared instance of singleton bean 'org.springframework.boot.autoconfigure.AutoConfigurationPackages'
2024-04-27T11:33:27.497-04:00 DEBUG 5844 --- [           main] o.s.b.a.AutoConfigurationPackages        : @EnableAutoConfiguration was declared on a class in the package 'com.example.publicaciones'. Automatic @Repository and @Entity scanning is enabled.
2024-04-27T11:33:27.498-04:00 DEBUG 5844 --- [           main] .s.d.r.c.RepositoryConfigurationDelegate : Scanning for JPA repositories in packages com.example.publicaciones.
2024-04-27T11:33:27.506-04:00 DEBUG 5844 --- [           main] o.s.d.r.c.RepositoryComponentProvider    : Identified candidate component class: file [C:\Users\chave\OneDrive\Escritorio\Proyectos\publicaciones\target\classes\com\example\publicaciones\repository\CalificacionRepository.class]
2024-04-27T11:33:27.506-04:00 DEBUG 5844 --- [           main] o.s.d.r.c.RepositoryComponentProvider    : Identified candidate component class: file [C:\Users\chave\OneDrive\Escritorio\Proyectos\publicaciones\target\classes\com\example\publicaciones\repository\ComentarioRepository.class]
2024-04-27T11:33:27.506-04:00 DEBUG 5844 --- [           main] o.s.d.r.c.RepositoryComponentProvider    : Identified candidate component class: file [C:\Users\chave\OneDrive\Escritorio\Proyectos\publicaciones\target\classes\com\example\publicaciones\repository\PublicacionRepository.class]
2024-04-27T11:33:27.524-04:00 DEBUG 5844 --- [           main] ssPathScanningCandidateComponentProvider : Identified candidate component class: file [C:\Users\chave\OneDrive\Escritorio\Proyectos\publicaciones\target\classes\com\example\publicaciones\service\CalificacionServiceImpl.class]
2024-04-27T11:33:27.524-04:00 DEBUG 5844 --- [           main] ssPathScanningCandidateComponentProvider : Identified candidate component class: file [C:\Users\chave\OneDrive\Escritorio\Proyectos\publicaciones\target\classes\com\example\publicaciones\service\ComentarioServiceImpl.class]
2024-04-27T11:33:27.525-04:00 DEBUG 5844 --- [           main] ssPathScanningCandidateComponentProvider : Identified candidate component class: file [C:\Users\chave\OneDrive\Escritorio\Proyectos\publicaciones\target\classes\com\example\publicaciones\service\PublicacionServiceImpl.class]
2024-04-27T11:33:27.539-04:00  INFO 5844 --- [           main] .s.d.r.c.RepositoryConfigurationDelegate : Finished Spring Data repository scanning in 39 ms. Found 3 JPA repository interfaces.
2024-04-27T11:33:27.657-04:00 DEBUG 5844 --- [           main] o.s.b.f.s.DefaultListableBeanFactory     : Creating shared instance of singleton bean 'propertySourcesPlaceholderConfigurer'
2024-04-27T11:33:27.661-04:00 DEBUG 5844 --- [           main] o.s.b.f.s.DefaultListableBeanFactory     : Creating shared instance of singleton bean 'org.springframework.boot.test.mock.mockito.MockitoPostProcessor'
2024-04-27T11:33:27.663-04:00 DEBUG 5844 --- [           main] o.s.b.f.s.DefaultListableBeanFactory     : Creating shared instance of singleton bean 'emBeanDefinitionRegistrarPostProcessor'
2024-04-27T11:33:27.663-04:00 DEBUG 5844 --- [           main] o.s.b.f.s.DefaultListableBeanFactory     : Creating shared instance of singleton bean 'org.springframework.boot.sql.init.dependency.DatabaseInitializationDependencyConfigurer$DependsOnDatabaseInitializationPostProcessor'
2024-04-27T11:33:27.704-04:00 DEBUG 5844 --- [           main] o.s.b.f.s.DefaultListableBeanFactory     : Creating shared instance of singleton bean 'org.springframework.context.event.internalEventListenerProcessor'
2024-04-27T11:33:27.706-04:00 DEBUG 5844 --- [           main] o.s.b.f.s.DefaultListableBeanFactory     : Creating shared instance of singleton bean 'preserveErrorControllerTargetClassPostProcessor'
2024-04-27T11:33:27.707-04:00 DEBUG 5844 --- [           main] o.s.b.f.s.DefaultListableBeanFactory     : Creating shared instance of singleton bean 'org.springframework.context.event.internalEventListenerFactory'
2024-04-27T11:33:27.708-04:00 DEBUG 5844 --- [           main] o.s.b.f.s.DefaultListableBeanFactory     : Creating shared instance of singleton bean 'org.springframework.transaction.config.internalTransactionalEventListenerFactory'
2024-04-27T11:33:27.712-04:00 DEBUG 5844 --- [           main] o.s.b.f.s.DefaultListableBeanFactory     : Creating shared instance of singleton bean 'org.springframework.boot.test.mock.mockito.MockitoPostProcessor$SpyPostProcessor'
2024-04-27T11:33:27.714-04:00 DEBUG 5844 --- [           main] o.s.b.f.s.DefaultListableBeanFactory     : Creating shared instance of singleton bean 'org.springframework.context.annotation.internalAutowiredAnnotationProcessor'
2024-04-27T11:33:27.715-04:00 DEBUG 5844 --- [           main] o.s.b.f.s.DefaultListableBeanFactory     : Creating shared instance of singleton bean 'org.springframework.context.annotation.internalCommonAnnotationProcessor'
2024-04-27T11:33:27.722-04:00 DEBUG 5844 --- [           main] o.s.b.f.s.DefaultListableBeanFactory     : Creating shared instance of singleton bean 'org.springframework.context.annotation.internalPersistenceAnnotationProcessor'
2024-04-27T11:33:27.722-04:00 DEBUG 5844 --- [           main] o.s.b.f.s.DefaultListableBeanFactory     : Creating shared instance of singleton bean 'org.springframework.boot.context.properties.ConfigurationPropertiesBindingPostProcessor'
2024-04-27T11:33:27.723-04:00 DEBUG 5844 --- [           main] o.s.b.f.s.DefaultListableBeanFactory     : Creating shared instance of singleton bean 'org.springframework.boot.context.internalConfigurationPropertiesBinder'
2024-04-27T11:33:27.725-04:00 DEBUG 5844 --- [           main] o.s.b.f.s.DefaultListableBeanFactory     : Creating shared instance of singleton bean 'jdbcConnectionDetailsHikariBeanPostProcessor'
2024-04-27T11:33:27.729-04:00 DEBUG 5844 --- [           main] o.s.b.f.s.DefaultListableBeanFactory     : Creating shared instance of singleton bean 'org.springframework.aop.config.internalAutoProxyCreator'
2024-04-27T11:33:27.747-04:00 DEBUG 5844 --- [           main] o.s.b.f.s.DefaultListableBeanFactory     : Creating shared instance of singleton bean 'persistenceExceptionTranslationPostProcessor'
2024-04-27T11:33:27.765-04:00 DEBUG 5844 --- [           main] o.s.b.f.s.DefaultListableBeanFactory     : Autowiring by type from bean name 'persistenceExceptionTranslationPostProcessor' via factory method to bean named 'environment'
2024-04-27T11:33:27.768-04:00 DEBUG 5844 --- [           main] o.s.b.f.s.DefaultListableBeanFactory     : Creating shared instance of singleton bean 'webServerFactoryCustomizerBeanPostProcessor'
2024-04-27T11:33:27.770-04:00 DEBUG 5844 --- [           main] o.s.b.f.s.DefaultListableBeanFactory     : Creating shared instance of singleton bean 'errorPageRegistrarBeanPostProcessor'
2024-04-27T11:33:27.770-04:00 DEBUG 5844 --- [           main] o.s.b.f.s.DefaultListableBeanFactory     : Creating shared instance of singleton bean 'projectingArgumentResolverBeanPostProcessor'
2024-04-27T11:33:27.772-04:00 DEBUG 5844 --- [           main] o.s.b.f.s.DefaultListableBeanFactory     : Creating shared instance of singleton bean 'org.springframework.transaction.config.internalTransactionAdvisor'
2024-04-27T11:33:27.772-04:00 DEBUG 5844 --- [           main] o.s.b.f.s.DefaultListableBeanFactory     : Creating shared instance of singleton bean 'org.springframework.transaction.annotation.ProxyTransactionManagementConfiguration'
2024-04-27T11:33:27.786-04:00 DEBUG 5844 --- [           main] o.s.b.f.s.DefaultListableBeanFactory     : Creating shared instance of singleton bean 'transactionAttributeSource'
2024-04-27T11:33:27.788-04:00 DEBUG 5844 --- [           main] o.s.b.f.s.DefaultListableBeanFactory     : Creating shared instance of singleton bean 'transactionInterceptor'
2024-04-27T11:33:27.788-04:00 DEBUG 5844 --- [           main] o.s.b.f.s.DefaultListableBeanFactory     : Autowiring by type from bean name 'transactionInterceptor' via factory method to bean named 'transactionAttributeSource'
2024-04-27T11:33:27.800-04:00 DEBUG 5844 --- [           main] o.s.b.f.s.DefaultListableBeanFactory     : Autowiring by type from bean name 'org.springframework.transaction.config.internalTransactionAdvisor' via factory method to bean named 'transactionAttributeSource'
2024-04-27T11:33:27.800-04:00 DEBUG 5844 --- [           main] o.s.b.f.s.DefaultListableBeanFactory     : Autowiring by type from bean name 'org.springframework.transaction.config.internalTransactionAdvisor' via factory method to bean named 'transactionInterceptor'
2024-04-27T11:33:27.836-04:00 DEBUG 5844 --- [           main] o.s.b.f.s.DefaultListableBeanFactory     : Creating shared instance of singleton bean 'hypermediaRepresentionModelProcessorConfigurator'
2024-04-27T11:33:27.838-04:00 DEBUG 5844 --- [           main] o.s.b.f.s.DefaultListableBeanFactory     : Creating shared instance of singleton bean 'hypermediaRestTemplateBeanPostProcessor'
2024-04-27T11:33:27.842-04:00 DEBUG 5844 --- [           main] o.s.u.c.s.UiApplicationContextUtils      : Unable to locate ThemeSource with name 'themeSource': using default [org.springframework.ui.context.support.ResourceBundleThemeSource@131ba005]
2024-04-27T11:33:27.843-04:00 DEBUG 5844 --- [           main] o.s.b.f.s.DefaultListableBeanFactory     : Creating shared instance of singleton bean 'dataSourceScriptDatabaseInitializer'
2024-04-27T11:33:27.844-04:00 DEBUG 5844 --- [           main] o.s.b.f.s.DefaultListableBeanFactory     : Creating shared instance of singleton bean 'org.springframework.boot.autoconfigure.sql.init.DataSourceInitializationConfiguration'
2024-04-27T11:33:27.845-04:00 DEBUG 5844 --- [           main] o.s.b.f.s.DefaultListableBeanFactory     : Creating shared instance of singleton bean 'dataSource'
2024-04-27T11:33:27.845-04:00 DEBUG 5844 --- [           main] o.s.b.f.s.DefaultListableBeanFactory     : Creating shared instance of singleton bean 'org.springframework.boot.autoconfigure.jdbc.DataSourceConfiguration$Hikari'
2024-04-27T11:33:27.846-04:00 DEBUG 5844 --- [           main] o.s.b.f.s.DefaultListableBeanFactory     : Creating shared instance of singleton bean 'spring.datasource-org.springframework.boot.autoconfigure.jdbc.DataSourceProperties'
2024-04-27T11:33:27.847-04:00 DEBUG 5844 --- [           main] o.s.b.f.s.DefaultListableBeanFactory     : Creating shared instance of singleton bean 'org.springframework.boot.context.properties.BoundConfigurationProperties'
2024-04-27T11:33:27.864-04:00 DEBUG 5844 --- [           main] o.s.b.f.s.DefaultListableBeanFactory     : Creating shared instance of singleton bean 'jdbcConnectionDetails'
2024-04-27T11:33:27.864-04:00 DEBUG 5844 --- [           main] o.s.b.f.s.DefaultListableBeanFactory     : Creating shared instance of singleton bean 'org.springframework.boot.autoconfigure.jdbc.DataSourceAutoConfiguration$PooledDataSourceConfiguration'
2024-04-27T11:33:27.864-04:00 DEBUG 5844 --- [           main] o.s.b.f.s.DefaultListableBeanFactory     : Autowiring by type from bean name 'jdbcConnectionDetails' via factory method to bean named 'spring.datasource-org.springframework.boot.autoconfigure.jdbc.DataSourceProperties'
2024-04-27T11:33:27.866-04:00 DEBUG 5844 --- [           main] o.s.b.f.s.DefaultListableBeanFactory     : Autowiring by type from bean name 'dataSource' via factory method to bean named 'spring.datasource-org.springframework.boot.autoconfigure.jdbc.DataSourceProperties'
2024-04-27T11:33:27.866-04:00 DEBUG 5844 --- [           main] o.s.b.f.s.DefaultListableBeanFactory     : Autowiring by type from bean name 'dataSource' via factory method to bean named 'jdbcConnectionDetails'
2024-04-27T11:33:28.029-04:00 DEBUG 5844 --- [           main] o.s.b.f.s.DefaultListableBeanFactory     : Creating shared instance of singleton bean 'spring.sql.init-org.springframework.boot.autoconfigure.sql.init.SqlInitializationProperties'
2024-04-27T11:33:28.031-04:00 DEBUG 5844 --- [           main] o.s.b.f.s.DefaultListableBeanFactory     : Autowiring by type from bean name 'dataSourceScriptDatabaseInitializer' via factory method to bean named 'dataSource'
2024-04-27T11:33:28.031-04:00 DEBUG 5844 --- [           main] o.s.b.f.s.DefaultListableBeanFactory     : Autowiring by type from bean name 'dataSourceScriptDatabaseInitializer' via factory method to bean named 'spring.sql.init-org.springframework.boot.autoconfigure.sql.init.SqlInitializationProperties'
2024-04-27T11:33:28.039-04:00 DEBUG 5844 --- [           main] o.s.b.f.s.DefaultListableBeanFactory     : Creating shared instance of singleton bean 'entityManagerFactory'
2024-04-27T11:33:28.039-04:00 DEBUG 5844 --- [           main] o.s.b.f.s.DefaultListableBeanFactory     : Creating shared instance of singleton bean 'org.springframework.boot.autoconfigure.orm.jpa.HibernateJpaConfiguration'
2024-04-27T11:33:28.040-04:00 DEBUG 5844 --- [           main] o.s.b.f.s.DefaultListableBeanFactory     : Creating shared instance of singleton bean 'spring.jpa-org.springframework.boot.autoconfigure.orm.jpa.JpaProperties'
2024-04-27T11:33:28.045-04:00 DEBUG 5844 --- [           main] o.s.b.f.s.DefaultListableBeanFactory     : Creating shared instance of singleton bean 'spring.jpa.hibernate-org.springframework.boot.autoconfigure.orm.jpa.HibernateProperties'
2024-04-27T11:33:28.047-04:00 DEBUG 5844 --- [           main] o.s.b.f.s.DefaultListableBeanFactory     : Autowiring by type from bean name 'org.springframework.boot.autoconfigure.orm.jpa.HibernateJpaConfiguration' via constructor to bean named 'dataSource'
2024-04-27T11:33:28.047-04:00 DEBUG 5844 --- [           main] o.s.b.f.s.DefaultListableBeanFactory     : Autowiring by type from bean name 'org.springframework.boot.autoconfigure.orm.jpa.HibernateJpaConfiguration' via constructor to bean named 'spring.jpa-org.springframework.boot.autoconfigure.orm.jpa.JpaProperties'
2024-04-27T11:33:28.048-04:00 DEBUG 5844 --- [           main] o.s.b.f.s.DefaultListableBeanFactory     : Autowiring by type from bean name 'org.springframework.boot.autoconfigure.orm.jpa.HibernateJpaConfiguration' via constructor to bean named 'org.springframework.beans.factory.support.DefaultListableBeanFactory@588545ac'
2024-04-27T11:33:28.048-04:00 DEBUG 5844 --- [           main] o.s.b.f.s.DefaultListableBeanFactory     : Autowiring by type from bean name 'org.springframework.boot.autoconfigure.orm.jpa.HibernateJpaConfiguration' via constructor to bean named 'spring.jpa.hibernate-org.springframework.boot.autoconfigure.orm.jpa.HibernateProperties'
2024-04-27T11:33:28.052-04:00 DEBUG 5844 --- [           main] o.s.b.f.s.DefaultListableBeanFactory     : Creating shared instance of singleton bean 'hikariPoolDataSourceMetadataProvider'
2024-04-27T11:33:28.052-04:00 DEBUG 5844 --- [           main] o.s.b.f.s.DefaultListableBeanFactory     : Creating shared instance of singleton bean 'org.springframework.boot.autoconfigure.jdbc.metadata.DataSourcePoolMetadataProvidersConfiguration$HikariPoolDataSourceMetadataProviderConfiguration'
2024-04-27T11:33:28.057-04:00 DEBUG 5844 --- [           main] o.s.b.f.s.DefaultListableBeanFactory     : Creating shared instance of singleton bean 'entityManagerFactoryBuilder'
2024-04-27T11:33:28.059-04:00 DEBUG 5844 --- [           main] o.s.b.f.s.DefaultListableBeanFactory     : Creating shared instance of singleton bean 'jpaVendorAdapter'
2024-04-27T11:33:28.087-04:00 DEBUG 5844 --- [           main] o.s.b.f.s.DefaultListableBeanFactory     : Autowiring by type from bean name 'entityManagerFactoryBuilder' via factory method to bean named 'jpaVendorAdapter'
2024-04-27T11:33:28.091-04:00 DEBUG 5844 --- [           main] o.s.b.f.s.DefaultListableBeanFactory     : Creating shared instance of singleton bean 'persistenceManagedTypes'
2024-04-27T11:33:28.092-04:00 DEBUG 5844 --- [           main] o.s.b.f.s.DefaultListableBeanFactory     : Autowiring by type from bean name 'persistenceManagedTypes' via factory method to bean named 'org.springframework.beans.factory.support.DefaultListableBeanFactory@588545ac'
2024-04-27T11:33:28.092-04:00 DEBUG 5844 --- [           main] o.s.b.f.s.DefaultListableBeanFactory     : Autowiring by type from bean name 'persistenceManagedTypes' via factory method to bean named 'org.springframework.web.context.support.GenericWebApplicationContext@557b6a37'
2024-04-27T11:33:28.104-04:00 DEBUG 5844 --- [           main] o.s.b.f.s.DefaultListableBeanFactory     : Autowiring by type from bean name 'entityManagerFactory' via factory method to bean named 'entityManagerFactoryBuilder'
2024-04-27T11:33:28.104-04:00 DEBUG 5844 --- [           main] o.s.b.f.s.DefaultListableBeanFactory     : Autowiring by type from bean name 'entityManagerFactory' via factory method to bean named 'persistenceManagedTypes'
2024-04-27T11:33:28.133-04:00 DEBUG 5844 --- [           main] j.LocalContainerEntityManagerFactoryBean : Building JPA container EntityManagerFactory for persistence unit 'default'
2024-04-27T11:33:28.150-04:00 DEBUG 5844 --- [           main] o.hibernate.jpa.internal.util.LogHelper  : PersistenceUnitInfo [
	name: default
	persistence provider classname: null
	classloader: jdk.internal.loader.ClassLoaders$AppClassLoader@70dea4e
	excludeUnlistedClasses: true
	JTA datasource: null
	Non JTA datasource: HikariDataSource (null)
	Transaction type: RESOURCE_LOCAL
	PU root URL: file:/C:/Users/chave/OneDrive/Escritorio/Proyectos/publicaciones/target/test-classes/
	Shared Cache Mode: UNSPECIFIED
	Validation Mode: AUTO
	Jar files URLs []
	Managed classes names [
		com.example.publicaciones.model.Calificacion
		com.example.publicaciones.model.Comentario
		com.example.publicaciones.model.Publicacion]
	Mapping files names []
	Properties []
2024-04-27T11:33:28.162-04:00 DEBUG 5844 --- [           main] o.h.i.internal.IntegratorServiceImpl     : Adding Integrator [org.hibernate.boot.beanvalidation.BeanValidationIntegrator].
2024-04-27T11:33:28.164-04:00 DEBUG 5844 --- [           main] o.h.i.internal.IntegratorServiceImpl     : Adding Integrator [org.hibernate.cache.internal.CollectionCacheInvalidator].
2024-04-27T11:33:28.197-04:00  INFO 5844 --- [           main] org.hibernate.Version                    : HHH000412: Hibernate ORM core version 6.4.4.Final
2024-04-27T11:33:28.198-04:00 DEBUG 5844 --- [           main] org.hibernate.cfg.Environment            : HHH000206: 'hibernate.properties' not found
2024-04-27T11:33:28.215-04:00 DEBUG 5844 --- [           main] org.hibernate.orm.idgen.factory          : Registering IdentifierGenerator strategy [uuid2] -> [org.hibernate.id.UUIDGenerator]
2024-04-27T11:33:28.215-04:00 DEBUG 5844 --- [           main] org.hibernate.orm.idgen.factory          : Registering IdentifierGenerator strategy [guid] -> [org.hibernate.id.GUIDGenerator]
2024-04-27T11:33:28.216-04:00 DEBUG 5844 --- [           main] org.hibernate.orm.idgen.factory          : Registering IdentifierGenerator strategy [uuid] -> [org.hibernate.id.UUIDHexGenerator]
2024-04-27T11:33:28.216-04:00 DEBUG 5844 --- [           main] org.hibernate.orm.idgen.factory          : Registering IdentifierGenerator strategy [uuid.hex] -> [org.hibernate.id.UUIDHexGenerator]
2024-04-27T11:33:28.216-04:00 DEBUG 5844 --- [           main] org.hibernate.orm.idgen.factory          : Registering IdentifierGenerator strategy [assigned] -> [org.hibernate.id.Assigned]
2024-04-27T11:33:28.217-04:00 DEBUG 5844 --- [           main] org.hibernate.orm.idgen.factory          : Registering IdentifierGenerator strategy [identity] -> [org.hibernate.id.IdentityGenerator]
2024-04-27T11:33:28.217-04:00 DEBUG 5844 --- [           main] org.hibernate.orm.idgen.factory          : Registering IdentifierGenerator strategy [select] -> [org.hibernate.id.SelectGenerator]
2024-04-27T11:33:28.218-04:00 DEBUG 5844 --- [           main] org.hibernate.orm.idgen.factory          : Registering IdentifierGenerator strategy [sequence] -> [org.hibernate.id.enhanced.SequenceStyleGenerator]
2024-04-27T11:33:28.219-04:00 DEBUG 5844 --- [           main] org.hibernate.orm.idgen.factory          : Registering IdentifierGenerator strategy [increment] -> [org.hibernate.id.IncrementGenerator]
2024-04-27T11:33:28.219-04:00 DEBUG 5844 --- [           main] org.hibernate.orm.idgen.factory          : Registering IdentifierGenerator strategy [foreign] -> [org.hibernate.id.ForeignGenerator]
2024-04-27T11:33:28.219-04:00 DEBUG 5844 --- [           main] org.hibernate.orm.idgen.factory          : Registering IdentifierGenerator strategy [enhanced-sequence] -> [org.hibernate.id.enhanced.SequenceStyleGenerator]
2024-04-27T11:33:28.220-04:00 DEBUG 5844 --- [           main] org.hibernate.orm.idgen.factory          : Registering IdentifierGenerator strategy [enhanced-table] -> [org.hibernate.id.enhanced.TableGenerator]
2024-04-27T11:33:28.224-04:00 DEBUG 5844 --- [           main] o.h.c.internal.RegionFactoryInitiator    : Cannot default RegionFactory based on registered strategies as `[]` RegionFactory strategies were registered
2024-04-27T11:33:28.225-04:00  INFO 5844 --- [           main] o.h.c.internal.RegionFactoryInitiator    : HHH000026: Second-level cache disabled
2024-04-27T11:33:28.282-04:00 DEBUG 5844 --- [           main] org.hibernate.type.BasicTypeRegistry     : Adding type registration boolean -> org.hibernate.type.BasicTypeReference@799971ac
2024-04-27T11:33:28.282-04:00 DEBUG 5844 --- [           main] org.hibernate.type.BasicTypeRegistry     : Adding type registration boolean -> org.hibernate.type.BasicTypeReference@799971ac
2024-04-27T11:33:28.282-04:00 DEBUG 5844 --- [           main] org.hibernate.type.BasicTypeRegistry     : Adding type registration java.lang.Boolean -> org.hibernate.type.BasicTypeReference@799971ac
2024-04-27T11:33:28.282-04:00 DEBUG 5844 --- [           main] org.hibernate.type.BasicTypeRegistry     : Adding type registration numeric_boolean -> org.hibernate.type.BasicTypeReference@59c08cf1
2024-04-27T11:33:28.282-04:00 DEBUG 5844 --- [           main] org.hibernate.type.BasicTypeRegistry     : Adding type registration org.hibernate.type.NumericBooleanConverter -> org.hibernate.type.BasicTypeReference@59c08cf1
2024-04-27T11:33:28.282-04:00 DEBUG 5844 --- [           main] org.hibernate.type.BasicTypeRegistry     : Adding type registration true_false -> org.hibernate.type.BasicTypeReference@45f0038
2024-04-27T11:33:28.282-04:00 DEBUG 5844 --- [           main] org.hibernate.type.BasicTypeRegistry     : Adding type registration org.hibernate.type.TrueFalseConverter -> org.hibernate.type.BasicTypeReference@45f0038
2024-04-27T11:33:28.282-04:00 DEBUG 5844 --- [           main] org.hibernate.type.BasicTypeRegistry     : Adding type registration yes_no -> org.hibernate.type.BasicTypeReference@289a4b90
2024-04-27T11:33:28.282-04:00 DEBUG 5844 --- [           main] org.hibernate.type.BasicTypeRegistry     : Adding type registration org.hibernate.type.YesNoConverter -> org.hibernate.type.BasicTypeReference@289a4b90
2024-04-27T11:33:28.283-04:00 DEBUG 5844 --- [           main] org.hibernate.type.BasicTypeRegistry     : Adding type registration byte -> org.hibernate.type.BasicTypeReference@1a3c4b3e
2024-04-27T11:33:28.283-04:00 DEBUG 5844 --- [           main] org.hibernate.type.BasicTypeRegistry     : Adding type registration byte -> org.hibernate.type.BasicTypeReference@1a3c4b3e
2024-04-27T11:33:28.283-04:00 DEBUG 5844 --- [           main] org.hibernate.type.BasicTypeRegistry     : Adding type registration java.lang.Byte -> org.hibernate.type.BasicTypeReference@1a3c4b3e
2024-04-27T11:33:28.283-04:00 DEBUG 5844 --- [           main] org.hibernate.type.BasicTypeRegistry     : Adding type registration binary -> org.hibernate.type.BasicTypeReference@4746fb8c
2024-04-27T11:33:28.283-04:00 DEBUG 5844 --- [           main] org.hibernate.type.BasicTypeRegistry     : Adding type registration byte[] -> org.hibernate.type.BasicTypeReference@4746fb8c
2024-04-27T11:33:28.283-04:00 DEBUG 5844 --- [           main] org.hibernate.type.BasicTypeRegistry     : Adding type registration [B -> org.hibernate.type.BasicTypeReference@4746fb8c
2024-04-27T11:33:28.283-04:00 DEBUG 5844 --- [           main] org.hibernate.type.BasicTypeRegistry     : Adding type registration binary_wrapper -> org.hibernate.type.BasicTypeReference@3be46d9c
2024-04-27T11:33:28.283-04:00 DEBUG 5844 --- [           main] org.hibernate.type.BasicTypeRegistry     : Adding type registration wrapper-binary -> org.hibernate.type.BasicTypeReference@3be46d9c
2024-04-27T11:33:28.283-04:00 DEBUG 5844 --- [           main] org.hibernate.type.BasicTypeRegistry     : Adding type registration image -> org.hibernate.type.BasicTypeReference@41d877bb
2024-04-27T11:33:28.283-04:00 DEBUG 5844 --- [           main] org.hibernate.type.BasicTypeRegistry     : Adding type registration blob -> org.hibernate.type.BasicTypeReference@39c5a105
2024-04-27T11:33:28.284-04:00 DEBUG 5844 --- [           main] org.hibernate.type.BasicTypeRegistry     : Adding type registration java.sql.Blob -> org.hibernate.type.BasicTypeReference@39c5a105
2024-04-27T11:33:28.284-04:00 DEBUG 5844 --- [           main] org.hibernate.type.BasicTypeRegistry     : Adding type registration materialized_blob -> org.hibernate.type.BasicTypeReference@492fa72a
2024-04-27T11:33:28.284-04:00 DEBUG 5844 --- [           main] org.hibernate.type.BasicTypeRegistry     : Adding type registration materialized_blob_wrapper -> org.hibernate.type.BasicTypeReference@513fab1e
2024-04-27T11:33:28.284-04:00 DEBUG 5844 --- [           main] org.hibernate.type.BasicTypeRegistry     : Adding type registration short -> org.hibernate.type.BasicTypeReference@53d87b2d
2024-04-27T11:33:28.284-04:00 DEBUG 5844 --- [           main] org.hibernate.type.BasicTypeRegistry     : Adding type registration short -> org.hibernate.type.BasicTypeReference@53d87b2d
2024-04-27T11:33:28.284-04:00 DEBUG 5844 --- [           main] org.hibernate.type.BasicTypeRegistry     : Adding type registration java.lang.Short -> org.hibernate.type.BasicTypeReference@53d87b2d
2024-04-27T11:33:28.284-04:00 DEBUG 5844 --- [           main] org.hibernate.type.BasicTypeRegistry     : Adding type registration integer -> org.hibernate.type.BasicTypeReference@470135da
2024-04-27T11:33:28.284-04:00 DEBUG 5844 --- [           main] org.hibernate.type.BasicTypeRegistry     : Adding type registration int -> org.hibernate.type.BasicTypeReference@470135da
2024-04-27T11:33:28.284-04:00 DEBUG 5844 --- [           main] org.hibernate.type.BasicTypeRegistry     : Adding type registration java.lang.Integer -> org.hibernate.type.BasicTypeReference@470135da
2024-04-27T11:33:28.284-04:00 DEBUG 5844 --- [           main] org.hibernate.type.BasicTypeRegistry     : Adding type registration long -> org.hibernate.type.BasicTypeReference@7323dce7
2024-04-27T11:33:28.284-04:00 DEBUG 5844 --- [           main] org.hibernate.type.BasicTypeRegistry     : Adding type registration long -> org.hibernate.type.BasicTypeReference@7323dce7
2024-04-27T11:33:28.284-04:00 DEBUG 5844 --- [           main] org.hibernate.type.BasicTypeRegistry     : Adding type registration java.lang.Long -> org.hibernate.type.BasicTypeReference@7323dce7
2024-04-27T11:33:28.284-04:00 DEBUG 5844 --- [           main] org.hibernate.type.BasicTypeRegistry     : Adding type registration float -> org.hibernate.type.BasicTypeReference@5f68eec6
2024-04-27T11:33:28.284-04:00 DEBUG 5844 --- [           main] org.hibernate.type.BasicTypeRegistry     : Adding type registration float -> org.hibernate.type.BasicTypeReference@5f68eec6
2024-04-27T11:33:28.284-04:00 DEBUG 5844 --- [           main] org.hibernate.type.BasicTypeRegistry     : Adding type registration java.lang.Float -> org.hibernate.type.BasicTypeReference@5f68eec6
2024-04-27T11:33:28.284-04:00 DEBUG 5844 --- [           main] org.hibernate.type.BasicTypeRegistry     : Adding type registration double -> org.hibernate.type.BasicTypeReference@4ff9f715
2024-04-27T11:33:28.284-04:00 DEBUG 5844 --- [           main] org.hibernate.type.BasicTypeRegistry     : Adding type registration double -> org.hibernate.type.BasicTypeReference@4ff9f715
2024-04-27T11:33:28.284-04:00 DEBUG 5844 --- [           main] org.hibernate.type.BasicTypeRegistry     : Adding type registration java.lang.Double -> org.hibernate.type.BasicTypeReference@4ff9f715
2024-04-27T11:33:28.284-04:00 DEBUG 5844 --- [           main] org.hibernate.type.BasicTypeRegistry     : Adding type registration big_integer -> org.hibernate.type.BasicTypeReference@118a4d5
2024-04-27T11:33:28.284-04:00 DEBUG 5844 --- [           main] org.hibernate.type.BasicTypeRegistry     : Adding type registration java.math.BigInteger -> org.hibernate.type.BasicTypeReference@118a4d5
2024-04-27T11:33:28.284-04:00 DEBUG 5844 --- [           main] org.hibernate.type.BasicTypeRegistry     : Adding type registration big_decimal -> org.hibernate.type.BasicTypeReference@6cb194f5
2024-04-27T11:33:28.284-04:00 DEBUG 5844 --- [           main] org.hibernate.type.BasicTypeRegistry     : Adding type registration java.math.BigDecimal -> org.hibernate.type.BasicTypeReference@6cb194f5
2024-04-27T11:33:28.284-04:00 DEBUG 5844 --- [           main] org.hibernate.type.BasicTypeRegistry     : Adding type registration character -> org.hibernate.type.BasicTypeReference@74b7497b
2024-04-27T11:33:28.284-04:00 DEBUG 5844 --- [           main] org.hibernate.type.BasicTypeRegistry     : Adding type registration char -> org.hibernate.type.BasicTypeReference@74b7497b
2024-04-27T11:33:28.284-04:00 DEBUG 5844 --- [           main] org.hibernate.type.BasicTypeRegistry     : Adding type registration java.lang.Character -> org.hibernate.type.BasicTypeReference@74b7497b
2024-04-27T11:33:28.284-04:00 DEBUG 5844 --- [           main] org.hibernate.type.BasicTypeRegistry     : Adding type registration character_nchar -> org.hibernate.type.BasicTypeReference@74f649a7
2024-04-27T11:33:28.285-04:00 DEBUG 5844 --- [           main] org.hibernate.type.BasicTypeRegistry     : Adding type registration string -> org.hibernate.type.BasicTypeReference@308c65e0
2024-04-27T11:33:28.285-04:00 DEBUG 5844 --- [           main] org.hibernate.type.BasicTypeRegistry     : Adding type registration java.lang.String -> org.hibernate.type.BasicTypeReference@308c65e0
2024-04-27T11:33:28.285-04:00 DEBUG 5844 --- [           main] org.hibernate.type.BasicTypeRegistry     : Adding type registration nstring -> org.hibernate.type.BasicTypeReference@50fa5938
2024-04-27T11:33:28.285-04:00 DEBUG 5844 --- [           main] org.hibernate.type.BasicTypeRegistry     : Adding type registration characters -> org.hibernate.type.BasicTypeReference@1e482ecd
2024-04-27T11:33:28.285-04:00 DEBUG 5844 --- [           main] org.hibernate.type.BasicTypeRegistry     : Adding type registration char[] -> org.hibernate.type.BasicTypeReference@1e482ecd
2024-04-27T11:33:28.285-04:00 DEBUG 5844 --- [           main] org.hibernate.type.BasicTypeRegistry     : Adding type registration [C -> org.hibernate.type.BasicTypeReference@1e482ecd
2024-04-27T11:33:28.285-04:00 DEBUG 5844 --- [           main] org.hibernate.type.BasicTypeRegistry     : Adding type registration wrapper-characters -> org.hibernate.type.BasicTypeReference@58b5f7d2
2024-04-27T11:33:28.285-04:00 DEBUG 5844 --- [           main] org.hibernate.type.BasicTypeRegistry     : Adding type registration text -> org.hibernate.type.BasicTypeReference@bc52a41
2024-04-27T11:33:28.285-04:00 DEBUG 5844 --- [           main] org.hibernate.type.BasicTypeRegistry     : Adding type registration ntext -> org.hibernate.type.BasicTypeReference@9f48198
2024-04-27T11:33:28.285-04:00 DEBUG 5844 --- [           main] org.hibernate.type.BasicTypeRegistry     : Adding type registration clob -> org.hibernate.type.BasicTypeReference@5615f82d
2024-04-27T11:33:28.285-04:00 DEBUG 5844 --- [           main] org.hibernate.type.BasicTypeRegistry     : Adding type registration java.sql.Clob -> org.hibernate.type.BasicTypeReference@5615f82d
2024-04-27T11:33:28.285-04:00 DEBUG 5844 --- [           main] org.hibernate.type.BasicTypeRegistry     : Adding type registration nclob -> org.hibernate.type.BasicTypeReference@21698e5a
2024-04-27T11:33:28.285-04:00 DEBUG 5844 --- [           main] org.hibernate.type.BasicTypeRegistry     : Adding type registration java.sql.NClob -> org.hibernate.type.BasicTypeReference@21698e5a
2024-04-27T11:33:28.285-04:00 DEBUG 5844 --- [           main] org.hibernate.type.BasicTypeRegistry     : Adding type registration materialized_clob -> org.hibernate.type.BasicTypeReference@3dc2f14
2024-04-27T11:33:28.285-04:00 DEBUG 5844 --- [           main] org.hibernate.type.BasicTypeRegistry     : Adding type registration materialized_clob_char_array -> org.hibernate.type.BasicTypeReference@2e8986b6
2024-04-27T11:33:28.285-04:00 DEBUG 5844 --- [           main] org.hibernate.type.BasicTypeRegistry     : Adding type registration materialized_clob_character_array -> org.hibernate.type.BasicTypeReference@5724c7da
2024-04-27T11:33:28.285-04:00 DEBUG 5844 --- [           main] org.hibernate.type.BasicTypeRegistry     : Adding type registration materialized_nclob -> org.hibernate.type.BasicTypeReference@3ad2883a
2024-04-27T11:33:28.285-04:00 DEBUG 5844 --- [           main] org.hibernate.type.BasicTypeRegistry     : Adding type registration materialized_nclob_character_array -> org.hibernate.type.BasicTypeReference@5814b4fb
2024-04-27T11:33:28.285-04:00 DEBUG 5844 --- [           main] org.hibernate.type.BasicTypeRegistry     : Adding type registration materialized_nclob_char_array -> org.hibernate.type.BasicTypeReference@3aca2579
2024-04-27T11:33:28.285-04:00 DEBUG 5844 --- [           main] org.hibernate.type.BasicTypeRegistry     : Adding type registration Duration -> org.hibernate.type.BasicTypeReference@4ba13fed
2024-04-27T11:33:28.285-04:00 DEBUG 5844 --- [           main] org.hibernate.type.BasicTypeRegistry     : Adding type registration java.time.Duration -> org.hibernate.type.BasicTypeReference@4ba13fed
2024-04-27T11:33:28.285-04:00 DEBUG 5844 --- [           main] org.hibernate.type.BasicTypeRegistry     : Adding type registration LocalDateTime -> org.hibernate.type.BasicTypeReference@651cedfb
2024-04-27T11:33:28.285-04:00 DEBUG 5844 --- [           main] org.hibernate.type.BasicTypeRegistry     : Adding type registration java.time.LocalDateTime -> org.hibernate.type.BasicTypeReference@651cedfb
2024-04-27T11:33:28.285-04:00 DEBUG 5844 --- [           main] org.hibernate.type.BasicTypeRegistry     : Adding type registration LocalDate -> org.hibernate.type.BasicTypeReference@18d22ecf
2024-04-27T11:33:28.285-04:00 DEBUG 5844 --- [           main] org.hibernate.type.BasicTypeRegistry     : Adding type registration java.time.LocalDate -> org.hibernate.type.BasicTypeReference@18d22ecf
2024-04-27T11:33:28.285-04:00 DEBUG 5844 --- [           main] org.hibernate.type.BasicTypeRegistry     : Adding type registration LocalTime -> org.hibernate.type.BasicTypeReference@73d83141
2024-04-27T11:33:28.285-04:00 DEBUG 5844 --- [           main] org.hibernate.type.BasicTypeRegistry     : Adding type registration java.time.LocalTime -> org.hibernate.type.BasicTypeReference@73d83141
2024-04-27T11:33:28.285-04:00 DEBUG 5844 --- [           main] org.hibernate.type.BasicTypeRegistry     : Adding type registration OffsetDateTime -> org.hibernate.type.BasicTypeReference@31443680
2024-04-27T11:33:28.285-04:00 DEBUG 5844 --- [           main] org.hibernate.type.BasicTypeRegistry     : Adding type registration java.time.OffsetDateTime -> org.hibernate.type.BasicTypeReference@31443680
2024-04-27T11:33:28.285-04:00 DEBUG 5844 --- [           main] org.hibernate.type.BasicTypeRegistry     : Adding type registration OffsetDateTimeWithTimezone -> org.hibernate.type.BasicTypeReference@33356666
2024-04-27T11:33:28.285-04:00 DEBUG 5844 --- [           main] org.hibernate.type.BasicTypeRegistry     : Adding type registration OffsetDateTimeWithoutTimezone -> org.hibernate.type.BasicTypeReference@3a988299
2024-04-27T11:33:28.285-04:00 DEBUG 5844 --- [           main] org.hibernate.type.BasicTypeRegistry     : Adding type registration OffsetTime -> org.hibernate.type.BasicTypeReference@878feb2
2024-04-27T11:33:28.285-04:00 DEBUG 5844 --- [           main] org.hibernate.type.BasicTypeRegistry     : Adding type registration java.time.OffsetTime -> org.hibernate.type.BasicTypeReference@878feb2
2024-04-27T11:33:28.285-04:00 DEBUG 5844 --- [           main] org.hibernate.type.BasicTypeRegistry     : Adding type registration OffsetTimeUtc -> org.hibernate.type.BasicTypeReference@1818390b
2024-04-27T11:33:28.285-04:00 DEBUG 5844 --- [           main] org.hibernate.type.BasicTypeRegistry     : Adding type registration OffsetTimeWithTimezone -> org.hibernate.type.BasicTypeReference@67a38
2024-04-27T11:33:28.285-04:00 DEBUG 5844 --- [           main] org.hibernate.type.BasicTypeRegistry     : Adding type registration OffsetTimeWithoutTimezone -> org.hibernate.type.BasicTypeReference@7ef4aceb
2024-04-27T11:33:28.285-04:00 DEBUG 5844 --- [           main] org.hibernate.type.BasicTypeRegistry     : Adding type registration ZonedDateTime -> org.hibernate.type.BasicTypeReference@31b650e9
2024-04-27T11:33:28.285-04:00 DEBUG 5844 --- [           main] org.hibernate.type.BasicTypeRegistry     : Adding type registration java.time.ZonedDateTime -> org.hibernate.type.BasicTypeReference@31b650e9
2024-04-27T11:33:28.285-04:00 DEBUG 5844 --- [           main] org.hibernate.type.BasicTypeRegistry     : Adding type registration ZonedDateTimeWithTimezone -> org.hibernate.type.BasicTypeReference@683fe7b5
2024-04-27T11:33:28.285-04:00 DEBUG 5844 --- [           main] org.hibernate.type.BasicTypeRegistry     : Adding type registration ZonedDateTimeWithoutTimezone -> org.hibernate.type.BasicTypeReference@5b5b8730
2024-04-27T11:33:28.285-04:00 DEBUG 5844 --- [           main] org.hibernate.type.BasicTypeRegistry     : Adding type registration date -> org.hibernate.type.BasicTypeReference@93fb44
2024-04-27T11:33:28.285-04:00 DEBUG 5844 --- [           main] org.hibernate.type.BasicTypeRegistry     : Adding type registration java.sql.Date -> org.hibernate.type.BasicTypeReference@93fb44
2024-04-27T11:33:28.285-04:00 DEBUG 5844 --- [           main] org.hibernate.type.BasicTypeRegistry     : Adding type registration time -> org.hibernate.type.BasicTypeReference@321c2a7
2024-04-27T11:33:28.285-04:00 DEBUG 5844 --- [           main] org.hibernate.type.BasicTypeRegistry     : Adding type registration java.sql.Time -> org.hibernate.type.BasicTypeReference@321c2a7
2024-04-27T11:33:28.285-04:00 DEBUG 5844 --- [           main] org.hibernate.type.BasicTypeRegistry     : Adding type registration timestamp -> org.hibernate.type.BasicTypeReference@14b48f39
2024-04-27T11:33:28.285-04:00 DEBUG 5844 --- [           main] org.hibernate.type.BasicTypeRegistry     : Adding type registration java.sql.Timestamp -> org.hibernate.type.BasicTypeReference@14b48f39
2024-04-27T11:33:28.285-04:00 DEBUG 5844 --- [           main] org.hibernate.type.BasicTypeRegistry     : Adding type registration java.util.Date -> org.hibernate.type.BasicTypeReference@14b48f39
2024-04-27T11:33:28.285-04:00 DEBUG 5844 --- [           main] org.hibernate.type.BasicTypeRegistry     : Adding type registration calendar -> org.hibernate.type.BasicTypeReference@13d1f898
2024-04-27T11:33:28.285-04:00 DEBUG 5844 --- [           main] org.hibernate.type.BasicTypeRegistry     : Adding type registration java.util.Calendar -> org.hibernate.type.BasicTypeReference@13d1f898
2024-04-27T11:33:28.287-04:00 DEBUG 5844 --- [           main] org.hibernate.type.BasicTypeRegistry     : Adding type registration java.util.GregorianCalendar -> org.hibernate.type.BasicTypeReference@13d1f898
2024-04-27T11:33:28.287-04:00 DEBUG 5844 --- [           main] org.hibernate.type.BasicTypeRegistry     : Adding type registration calendar_date -> org.hibernate.type.BasicTypeReference@c87787d
2024-04-27T11:33:28.287-04:00 DEBUG 5844 --- [           main] org.hibernate.type.BasicTypeRegistry     : Adding type registration calendar_time -> org.hibernate.type.BasicTypeReference@1bea7b0
2024-04-27T11:33:28.287-04:00 DEBUG 5844 --- [           main] org.hibernate.type.BasicTypeRegistry     : Adding type registration instant -> org.hibernate.type.BasicTypeReference@31433df9
2024-04-27T11:33:28.287-04:00 DEBUG 5844 --- [           main] org.hibernate.type.BasicTypeRegistry     : Adding type registration java.time.Instant -> org.hibernate.type.BasicTypeReference@31433df9
2024-04-27T11:33:28.287-04:00 DEBUG 5844 --- [           main] org.hibernate.type.BasicTypeRegistry     : Adding type registration uuid -> org.hibernate.type.BasicTypeReference@2d4a0671
2024-04-27T11:33:28.287-04:00 DEBUG 5844 --- [           main] org.hibernate.type.BasicTypeRegistry     : Adding type registration java.util.UUID -> org.hibernate.type.BasicTypeReference@2d4a0671
2024-04-27T11:33:28.287-04:00 DEBUG 5844 --- [           main] org.hibernate.type.BasicTypeRegistry     : Adding type registration pg-uuid -> org.hibernate.type.BasicTypeReference@2d4a0671
2024-04-27T11:33:28.287-04:00 DEBUG 5844 --- [           main] org.hibernate.type.BasicTypeRegistry     : Adding type registration uuid-binary -> org.hibernate.type.BasicTypeReference@1ab9c735
2024-04-27T11:33:28.287-04:00 DEBUG 5844 --- [           main] org.hibernate.type.BasicTypeRegistry     : Adding type registration uuid-char -> org.hibernate.type.BasicTypeReference@6e4e60f5
2024-04-27T11:33:28.287-04:00 DEBUG 5844 --- [           main] org.hibernate.type.BasicTypeRegistry     : Adding type registration class -> org.hibernate.type.BasicTypeReference@464a3430
2024-04-27T11:33:28.287-04:00 DEBUG 5844 --- [           main] org.hibernate.type.BasicTypeRegistry     : Adding type registration java.lang.Class -> org.hibernate.type.BasicTypeReference@464a3430
2024-04-27T11:33:28.287-04:00 DEBUG 5844 --- [           main] org.hibernate.type.BasicTypeRegistry     : Adding type registration currency -> org.hibernate.type.BasicTypeReference@3bcedb06
2024-04-27T11:33:28.287-04:00 DEBUG 5844 --- [           main] org.hibernate.type.BasicTypeRegistry     : Adding type registration Currency -> org.hibernate.type.BasicTypeReference@3bcedb06
2024-04-27T11:33:28.288-04:00 DEBUG 5844 --- [           main] org.hibernate.type.BasicTypeRegistry     : Adding type registration java.util.Currency -> org.hibernate.type.BasicTypeReference@3bcedb06
2024-04-27T11:33:28.288-04:00 DEBUG 5844 --- [           main] org.hibernate.type.BasicTypeRegistry     : Adding type registration locale -> org.hibernate.type.BasicTypeReference@72ceafeb
2024-04-27T11:33:28.288-04:00 DEBUG 5844 --- [           main] org.hibernate.type.BasicTypeRegistry     : Adding type registration java.util.Locale -> org.hibernate.type.BasicTypeReference@72ceafeb
2024-04-27T11:33:28.288-04:00 DEBUG 5844 --- [           main] org.hibernate.type.BasicTypeRegistry     : Adding type registration serializable -> org.hibernate.type.BasicTypeReference@65b2ee36
2024-04-27T11:33:28.288-04:00 DEBUG 5844 --- [           main] org.hibernate.type.BasicTypeRegistry     : Adding type registration java.io.Serializable -> org.hibernate.type.BasicTypeReference@65b2ee36
2024-04-27T11:33:28.288-04:00 DEBUG 5844 --- [           main] org.hibernate.type.BasicTypeRegistry     : Adding type registration timezone -> org.hibernate.type.BasicTypeReference@28e91f6d
2024-04-27T11:33:28.288-04:00 DEBUG 5844 --- [           main] org.hibernate.type.BasicTypeRegistry     : Adding type registration java.util.TimeZone -> org.hibernate.type.BasicTypeReference@28e91f6d
2024-04-27T11:33:28.288-04:00 DEBUG 5844 --- [           main] org.hibernate.type.BasicTypeRegistry     : Adding type registration ZoneOffset -> org.hibernate.type.BasicTypeReference@16d4024e
2024-04-27T11:33:28.288-04:00 DEBUG 5844 --- [           main] org.hibernate.type.BasicTypeRegistry     : Adding type registration java.time.ZoneOffset -> org.hibernate.type.BasicTypeReference@16d4024e
2024-04-27T11:33:28.288-04:00 DEBUG 5844 --- [           main] org.hibernate.type.BasicTypeRegistry     : Adding type registration url -> org.hibernate.type.BasicTypeReference@11e24688
2024-04-27T11:33:28.288-04:00 DEBUG 5844 --- [           main] org.hibernate.type.BasicTypeRegistry     : Adding type registration java.net.URL -> org.hibernate.type.BasicTypeReference@11e24688
2024-04-27T11:33:28.288-04:00 DEBUG 5844 --- [           main] org.hibernate.type.BasicTypeRegistry     : Adding type registration vector -> org.hibernate.type.BasicTypeReference@63d3c9dc
2024-04-27T11:33:28.288-04:00 DEBUG 5844 --- [           main] org.hibernate.type.BasicTypeRegistry     : Adding type registration row_version -> org.hibernate.type.BasicTypeReference@3a1a0bc
2024-04-27T11:33:28.291-04:00 DEBUG 5844 --- [           main] org.hibernate.type.BasicTypeRegistry     : Adding type registration object -> org.hibernate.type.JavaObjectType@35cbeb54
2024-04-27T11:33:28.291-04:00 DEBUG 5844 --- [           main] org.hibernate.type.BasicTypeRegistry     : Adding type registration java.lang.Object -> org.hibernate.type.JavaObjectType@35cbeb54
2024-04-27T11:33:28.292-04:00 DEBUG 5844 --- [           main] org.hibernate.type.BasicTypeRegistry     : Adding type registration null -> org.hibernate.type.NullType@11170228
2024-04-27T11:33:28.292-04:00 DEBUG 5844 --- [           main] org.hibernate.type.BasicTypeRegistry     : Adding type registration imm_date -> org.hibernate.type.BasicTypeReference@46ee7013
2024-04-27T11:33:28.292-04:00 DEBUG 5844 --- [           main] org.hibernate.type.BasicTypeRegistry     : Adding type registration imm_time -> org.hibernate.type.BasicTypeReference@69d58731
2024-04-27T11:33:28.292-04:00 DEBUG 5844 --- [           main] org.hibernate.type.BasicTypeRegistry     : Adding type registration imm_timestamp -> org.hibernate.type.BasicTypeReference@3275a47f
2024-04-27T11:33:28.292-04:00 DEBUG 5844 --- [           main] org.hibernate.type.BasicTypeRegistry     : Adding type registration imm_calendar -> org.hibernate.type.BasicTypeReference@1b5af65b
2024-04-27T11:33:28.292-04:00 DEBUG 5844 --- [           main] org.hibernate.type.BasicTypeRegistry     : Adding type registration imm_calendar_date -> org.hibernate.type.BasicTypeReference@2e0163cb
2024-04-27T11:33:28.292-04:00 DEBUG 5844 --- [           main] org.hibernate.type.BasicTypeRegistry     : Adding type registration imm_calendar_time -> org.hibernate.type.BasicTypeReference@6b289535
2024-04-27T11:33:28.292-04:00 DEBUG 5844 --- [           main] org.hibernate.type.BasicTypeRegistry     : Adding type registration imm_binary -> org.hibernate.type.BasicTypeReference@74619273
2024-04-27T11:33:28.292-04:00 DEBUG 5844 --- [           main] org.hibernate.type.BasicTypeRegistry     : Adding type registration imm_serializable -> org.hibernate.type.BasicTypeReference@38c55a8a
2024-04-27T11:33:28.297-04:00 DEBUG 5844 --- [           main] o.h.boot.internal.BootstrapContextImpl   : Injecting JPA temp ClassLoader [org.springframework.instrument.classloading.SimpleThrowawayClassLoader@20914835] into BootstrapContext; was [null]
2024-04-27T11:33:28.297-04:00 DEBUG 5844 --- [           main] o.h.boot.internal.ClassLoaderAccessImpl  : ClassLoaderAccessImpl#injectTempClassLoader(org.springframework.instrument.classloading.SimpleThrowawayClassLoader@20914835) [was null]
2024-04-27T11:33:28.297-04:00 DEBUG 5844 --- [           main] o.h.boot.internal.BootstrapContextImpl   : Injecting ScanEnvironment [org.hibernate.jpa.boot.internal.StandardJpaScanEnvironmentImpl@1dd76982] into BootstrapContext; was [null]
2024-04-27T11:33:28.297-04:00 DEBUG 5844 --- [           main] o.h.boot.internal.BootstrapContextImpl   : Injecting ScanOptions [org.hibernate.boot.archive.scan.internal.StandardScanOptions@7e76a66f] into BootstrapContext; was [org.hibernate.boot.archive.scan.internal.StandardScanOptions@72237be8]
2024-04-27T11:33:28.321-04:00  INFO 5844 --- [           main] o.s.o.j.p.SpringPersistenceUnitInfo      : No LoadTimeWeaver setup: ignoring JPA class transformer
2024-04-27T11:33:28.322-04:00 DEBUG 5844 --- [           main] o.h.boot.internal.BootstrapContextImpl   : Injecting JPA temp ClassLoader [null] into BootstrapContext; was [org.springframework.instrument.classloading.SimpleThrowawayClassLoader@20914835]
2024-04-27T11:33:28.322-04:00 DEBUG 5844 --- [           main] o.h.boot.internal.ClassLoaderAccessImpl  : ClassLoaderAccessImpl#injectTempClassLoader(null) [was org.springframework.instrument.classloading.SimpleThrowawayClassLoader@20914835]
2024-04-27T11:33:28.344-04:00  INFO 5844 --- [           main] com.zaxxer.hikari.HikariDataSource       : HikariPool-1 - Starting...
2024-04-27T11:33:28.347-04:00  WARN 5844 --- [           main] c.zaxxer.hikari.util.DriverDataSource    : Registered driver with driverClassName=oracle.jdbc.driver.OracleDriver was not found, trying direct instantiation.
2024-04-27T11:33:29.165-04:00  INFO 5844 --- [           main] com.zaxxer.hikari.pool.HikariPool        : HikariPool-1 - Added connection oracle.jdbc.driver.T4CConnection@61bf405d
2024-04-27T11:33:29.166-04:00  INFO 5844 --- [           main] com.zaxxer.hikari.HikariDataSource       : HikariPool-1 - Start completed.
2024-04-27T11:33:29.169-04:00 DEBUG 5844 --- [           main] o.h.e.j.e.i.JdbcEnvironmentInitiator     : Database ->
       name : Oracle
    version : Oracle Database 19c Enterprise Edition Release 19.0.0.0.0 - Production
Version 19.23.0.1.0
      major : 19
      minor : 0
2024-04-27T11:33:29.169-04:00 DEBUG 5844 --- [           main] o.h.e.j.e.i.JdbcEnvironmentInitiator     : Driver ->
       name : Oracle JDBC driver
    version : 21.9.0.0.0
      major : 21
      minor : 9
2024-04-27T11:33:29.169-04:00 DEBUG 5844 --- [           main] o.h.e.j.e.i.JdbcEnvironmentInitiator     : JDBC version : 4.3
2024-04-27T11:33:29.291-04:00  WARN 5844 --- [           main] org.hibernate.orm.deprecation            : HHH90000025: OracleDialect does not need to be specified explicitly using 'hibernate.dialect' (remove the property setting and it will be selected by default)
2024-04-27T11:33:29.293-04:00 DEBUG 5844 --- [           main] org.hibernate.orm.dialect                : HHH035001: Using dialect: org.hibernate.dialect.OracleDialect, version: 19.0
2024-04-27T11:33:29.356-04:00 DEBUG 5844 --- [           main] o.h.t.d.jdbc.spi.JdbcTypeRegistry        : addDescriptor(NCharTypeDescriptor) replaced previous registration(CharTypeDescriptor)
2024-04-27T11:33:29.356-04:00 DEBUG 5844 --- [           main] o.h.t.d.jdbc.spi.JdbcTypeRegistry        : addDescriptor(NVarcharTypeDescriptor) replaced previous registration(VarcharTypeDescriptor)
2024-04-27T11:33:29.356-04:00 DEBUG 5844 --- [           main] o.h.t.d.jdbc.spi.JdbcTypeRegistry        : addDescriptor(LongNVarcharTypeDescriptor) replaced previous registration(LongVarcharTypeDescriptor)
2024-04-27T11:33:29.357-04:00 DEBUG 5844 --- [           main] o.h.t.d.jdbc.spi.JdbcTypeRegistry        : addDescriptor(NClobTypeDescriptor(DEFAULT)) replaced previous registration(ClobTypeDescriptor(DEFAULT))
2024-04-27T11:33:29.357-04:00 DEBUG 5844 --- [           main] o.h.t.d.jdbc.spi.JdbcTypeRegistry        : addDescriptor(2005, ClobTypeDescriptor(STREAM_BINDING)) replaced previous registration(ClobTypeDescriptor(DEFAULT))
2024-04-27T11:33:29.358-04:00 DEBUG 5844 --- [           main] o.h.t.d.jdbc.spi.JdbcTypeRegistry        : addDescriptor(BooleanTypeDescriptor) replaced previous registration(BooleanTypeDescriptor)
2024-04-27T11:33:29.363-04:00 DEBUG 5844 --- [           main] org.hibernate.type.BasicTypeRegistry     : Adding type registration null -> org.hibernate.type.NullType@624be1d4
2024-04-27T11:33:29.363-04:00 DEBUG 5844 --- [           main] org.hibernate.type.BasicTypeRegistry     : Type registration key [null] overrode previous entry : `org.hibernate.type.NullType@11170228`
2024-04-27T11:33:29.364-04:00 DEBUG 5844 --- [           main] org.hibernate.type.BasicTypeRegistry     : Adding type registration JAVA_OBJECT -> org.hibernate.type.JavaObjectType@15c3849f
2024-04-27T11:33:29.364-04:00 DEBUG 5844 --- [           main] org.hibernate.type.BasicTypeRegistry     : Adding type registration java.lang.Object -> org.hibernate.type.JavaObjectType@15c3849f
2024-04-27T11:33:29.364-04:00 DEBUG 5844 --- [           main] org.hibernate.type.BasicTypeRegistry     : Type registration key [java.lang.Object] overrode previous entry : `org.hibernate.type.JavaObjectType@35cbeb54`
2024-04-27T11:33:29.366-04:00 DEBUG 5844 --- [           main] org.hibernate.type.BasicTypeRegistry     : Adding type registration org.hibernate.type.DurationType -> basicType@1(java.time.Duration,3015)
2024-04-27T11:33:29.366-04:00 DEBUG 5844 --- [           main] org.hibernate.type.BasicTypeRegistry     : Adding type registration Duration -> basicType@1(java.time.Duration,3015)
2024-04-27T11:33:29.366-04:00 DEBUG 5844 --- [           main] org.hibernate.type.BasicTypeRegistry     : Adding type registration java.time.Duration -> basicType@1(java.time.Duration,3015)
2024-04-27T11:33:29.369-04:00 DEBUG 5844 --- [           main] o.h.type.spi.TypeConfiguration$Scope     : Scoping TypeConfiguration [org.hibernate.type.spi.TypeConfiguration@5e5a2b74] to MetadataBuildingContext [org.hibernate.boot.internal.MetadataBuildingContextRootImpl@658098a2]
2024-04-27T11:33:29.393-04:00 DEBUG 5844 --- [           main] o.h.boot.model.relational.Namespace      : Created database namespace [logicalName=Name{catalog=null, schema=null}, physicalName=Name{catalog=null, schema=null}]
2024-04-27T11:33:29.410-04:00 DEBUG 5844 --- [           main] o.h.boot.model.internal.EntityBinder     : Binding entity from annotated class: com.example.publicaciones.model.Calificacion
2024-04-27T11:33:29.417-04:00 DEBUG 5844 --- [           main] o.h.boot.model.internal.EntityBinder     : Import with entity name Calificacion
2024-04-27T11:33:29.422-04:00 DEBUG 5844 --- [           main] o.h.boot.model.internal.EntityBinder     : Bind entity com.example.publicaciones.model.Calificacion on table calificaciones
2024-04-27T11:33:29.428-04:00 DEBUG 5844 --- [           main] o.h.boot.model.internal.AnnotatedColumn  : Binding column: AnnotatedDiscriminatorColumn(column='DTYPE')
2024-04-27T11:33:29.437-04:00 DEBUG 5844 --- [           main] o.h.boot.model.internal.AnnotatedColumn  : Binding column: AnnotatedColumn()
2024-04-27T11:33:29.437-04:00 DEBUG 5844 --- [           main] o.h.boot.internal.ClassLoaderAccessImpl  : Not known whether passed class name [com.example.publicaciones.model.Calificacion] is safe
2024-04-27T11:33:29.437-04:00 DEBUG 5844 --- [           main] o.h.boot.internal.ClassLoaderAccessImpl  : No temp ClassLoader provided; using live ClassLoader for loading potentially unsafe class : com.example.publicaciones.model.Calificacion
2024-04-27T11:33:29.439-04:00 DEBUG 5844 --- [           main] o.h.boot.model.internal.PropertyBinder   : MetadataSourceProcessor property id with lazy=false
2024-04-27T11:33:29.442-04:00 DEBUG 5844 --- [           main] o.h.b.m.internal.AbstractPropertyHolder  : Attempting to locate auto-apply AttributeConverter for property [com.example.publicaciones.model.Calificacion:id]
2024-04-27T11:33:29.444-04:00 DEBUG 5844 --- [           main] o.h.b.model.internal.BasicValueBinder    : building BasicValue for id
2024-04-27T11:33:29.446-04:00 DEBUG 5844 --- [           main] org.hibernate.mapping.BasicValue         : Skipping column re-registration: calificaciones.id
2024-04-27T11:33:29.446-04:00 DEBUG 5844 --- [           main] o.h.boot.model.internal.PropertyBinder   : Building property id
2024-04-27T11:33:29.449-04:00 DEBUG 5844 --- [           main] o.h.boot.model.internal.BinderHelper     : #makeIdGenerator(BasicValue([Column(id)]), id, identity, , ...)
2024-04-27T11:33:29.450-04:00 DEBUG 5844 --- [           main] o.h.boot.model.internal.AnnotatedColumn  : Binding column: AnnotatedJoinColumn(column='publicacion_id')
2024-04-27T11:33:29.451-04:00 DEBUG 5844 --- [           main] o.h.boot.model.internal.AnnotatedColumn  : Binding column: AnnotatedColumn()
2024-04-27T11:33:29.454-04:00 DEBUG 5844 --- [           main] o.h.boot.model.internal.PropertyBinder   : Building property publicacion
2024-04-27T11:33:29.454-04:00 DEBUG 5844 --- [           main] o.h.boot.model.internal.AnnotatedColumn  : Binding column: AnnotatedColumn()
2024-04-27T11:33:29.454-04:00 DEBUG 5844 --- [           main] o.h.boot.model.internal.PropertyBinder   : MetadataSourceProcessor property valor with lazy=false
2024-04-27T11:33:29.454-04:00 DEBUG 5844 --- [           main] o.h.b.m.internal.AbstractPropertyHolder  : Attempting to locate auto-apply AttributeConverter for property [com.example.publicaciones.model.Calificacion:valor]
2024-04-27T11:33:29.454-04:00 DEBUG 5844 --- [           main] o.h.b.model.internal.BasicValueBinder    : building BasicValue for valor
2024-04-27T11:33:29.454-04:00 DEBUG 5844 --- [           main] org.hibernate.mapping.BasicValue         : Skipping column re-registration: calificaciones.valor
2024-04-27T11:33:29.454-04:00 DEBUG 5844 --- [           main] o.h.boot.model.internal.PropertyBinder   : Building property valor
2024-04-27T11:33:29.455-04:00 DEBUG 5844 --- [           main] o.h.b.r.c.i.ClassLoaderServiceImpl       : HHH000194: Package not found or wo package-info.java: com.example.publicaciones.model
2024-04-27T11:33:29.459-04:00 DEBUG 5844 --- [           main] o.h.boot.model.internal.EntityBinder     : Binding entity from annotated class: com.example.publicaciones.model.Comentario
2024-04-27T11:33:29.459-04:00 DEBUG 5844 --- [           main] o.h.boot.model.internal.EntityBinder     : Import with entity name Comentario
2024-04-27T11:33:29.459-04:00 DEBUG 5844 --- [           main] o.h.boot.model.internal.EntityBinder     : Bind entity com.example.publicaciones.model.Comentario on table comentarios
2024-04-27T11:33:29.459-04:00 DEBUG 5844 --- [           main] o.h.boot.model.internal.AnnotatedColumn  : Binding column: AnnotatedDiscriminatorColumn(column='DTYPE')
2024-04-27T11:33:29.460-04:00 DEBUG 5844 --- [           main] o.h.boot.model.internal.AnnotatedColumn  : Binding column: AnnotatedColumn()
2024-04-27T11:33:29.460-04:00 DEBUG 5844 --- [           main] o.h.boot.internal.ClassLoaderAccessImpl  : Not known whether passed class name [com.example.publicaciones.model.Comentario] is safe
2024-04-27T11:33:29.460-04:00 DEBUG 5844 --- [           main] o.h.boot.internal.ClassLoaderAccessImpl  : No temp ClassLoader provided; using live ClassLoader for loading potentially unsafe class : com.example.publicaciones.model.Comentario
2024-04-27T11:33:29.460-04:00 DEBUG 5844 --- [           main] o.h.boot.model.internal.PropertyBinder   : MetadataSourceProcessor property id with lazy=false
2024-04-27T11:33:29.460-04:00 DEBUG 5844 --- [           main] o.h.b.m.internal.AbstractPropertyHolder  : Attempting to locate auto-apply AttributeConverter for property [com.example.publicaciones.model.Comentario:id]
2024-04-27T11:33:29.460-04:00 DEBUG 5844 --- [           main] o.h.b.model.internal.BasicValueBinder    : building BasicValue for id
2024-04-27T11:33:29.460-04:00 DEBUG 5844 --- [           main] org.hibernate.mapping.BasicValue         : Skipping column re-registration: comentarios.id
2024-04-27T11:33:29.460-04:00 DEBUG 5844 --- [           main] o.h.boot.model.internal.PropertyBinder   : Building property id
2024-04-27T11:33:29.460-04:00 DEBUG 5844 --- [           main] o.h.boot.model.internal.BinderHelper     : #makeIdGenerator(BasicValue([Column(id)]), id, identity, , ...)
2024-04-27T11:33:29.460-04:00 DEBUG 5844 --- [           main] o.h.boot.model.internal.AnnotatedColumn  : Binding column: AnnotatedColumn()
2024-04-27T11:33:29.460-04:00 DEBUG 5844 --- [           main] o.h.boot.model.internal.PropertyBinder   : MetadataSourceProcessor property fecha with lazy=false
2024-04-27T11:33:29.460-04:00 DEBUG 5844 --- [           main] o.h.b.m.internal.AbstractPropertyHolder  : Attempting to locate auto-apply AttributeConverter for property [com.example.publicaciones.model.Comentario:fecha]
2024-04-27T11:33:29.460-04:00 DEBUG 5844 --- [           main] o.h.b.model.internal.BasicValueBinder    : building BasicValue for fecha
2024-04-27T11:33:29.460-04:00 DEBUG 5844 --- [           main] org.hibernate.mapping.BasicValue         : Skipping column re-registration: comentarios.fecha
2024-04-27T11:33:29.460-04:00 DEBUG 5844 --- [           main] o.h.boot.model.internal.PropertyBinder   : Building property fecha
2024-04-27T11:33:29.460-04:00 DEBUG 5844 --- [           main] o.h.boot.model.internal.AnnotatedColumn  : Binding column: AnnotatedJoinColumn(column='publicacion_id')
2024-04-27T11:33:29.460-04:00 DEBUG 5844 --- [           main] o.h.boot.model.internal.AnnotatedColumn  : Binding column: AnnotatedColumn()
2024-04-27T11:33:29.460-04:00 DEBUG 5844 --- [           main] o.h.boot.model.internal.PropertyBinder   : Building property publicacion
2024-04-27T11:33:29.461-04:00 DEBUG 5844 --- [           main] o.h.boot.model.internal.AnnotatedColumn  : Binding column: AnnotatedColumn()
2024-04-27T11:33:29.461-04:00 DEBUG 5844 --- [           main] o.h.boot.model.internal.PropertyBinder   : MetadataSourceProcessor property texto with lazy=false
2024-04-27T11:33:29.461-04:00 DEBUG 5844 --- [           main] o.h.b.m.internal.AbstractPropertyHolder  : Attempting to locate auto-apply AttributeConverter for property [com.example.publicaciones.model.Comentario:texto]
2024-04-27T11:33:29.461-04:00 DEBUG 5844 --- [           main] o.h.b.model.internal.BasicValueBinder    : building BasicValue for texto
2024-04-27T11:33:29.461-04:00 DEBUG 5844 --- [           main] org.hibernate.mapping.BasicValue         : Skipping column re-registration: comentarios.texto
2024-04-27T11:33:29.461-04:00 DEBUG 5844 --- [           main] o.h.boot.model.internal.PropertyBinder   : Building property texto
2024-04-27T11:33:29.461-04:00 DEBUG 5844 --- [           main] o.h.b.r.c.i.ClassLoaderServiceImpl       : HHH000194: Package not found or wo package-info.java: com.example.publicaciones.model
2024-04-27T11:33:29.461-04:00 DEBUG 5844 --- [           main] o.h.boot.model.internal.EntityBinder     : Binding entity from annotated class: com.example.publicaciones.model.Publicacion
2024-04-27T11:33:29.462-04:00 DEBUG 5844 --- [           main] o.h.boot.model.internal.EntityBinder     : Import with entity name Publicacion
2024-04-27T11:33:29.462-04:00 DEBUG 5844 --- [           main] o.h.boot.model.internal.EntityBinder     : Bind entity com.example.publicaciones.model.Publicacion on table publicaciones
2024-04-27T11:33:29.462-04:00 DEBUG 5844 --- [           main] o.h.boot.model.internal.AnnotatedColumn  : Binding column: AnnotatedDiscriminatorColumn(column='DTYPE')
2024-04-27T11:33:29.463-04:00 DEBUG 5844 --- [           main] o.h.boot.model.internal.AnnotatedColumn  : Binding column: AnnotatedColumn()
2024-04-27T11:33:29.463-04:00 DEBUG 5844 --- [           main] o.h.boot.internal.ClassLoaderAccessImpl  : Not known whether passed class name [com.example.publicaciones.model.Publicacion] is safe
2024-04-27T11:33:29.463-04:00 DEBUG 5844 --- [           main] o.h.boot.internal.ClassLoaderAccessImpl  : No temp ClassLoader provided; using live ClassLoader for loading potentially unsafe class : com.example.publicaciones.model.Publicacion
2024-04-27T11:33:29.463-04:00 DEBUG 5844 --- [           main] o.h.boot.model.internal.PropertyBinder   : MetadataSourceProcessor property id with lazy=false
2024-04-27T11:33:29.463-04:00 DEBUG 5844 --- [           main] o.h.b.m.internal.AbstractPropertyHolder  : Attempting to locate auto-apply AttributeConverter for property [com.example.publicaciones.model.Publicacion:id]
2024-04-27T11:33:29.463-04:00 DEBUG 5844 --- [           main] o.h.b.model.internal.BasicValueBinder    : building BasicValue for id
2024-04-27T11:33:29.463-04:00 DEBUG 5844 --- [           main] org.hibernate.mapping.BasicValue         : Skipping column re-registration: publicaciones.id
2024-04-27T11:33:29.463-04:00 DEBUG 5844 --- [           main] o.h.boot.model.internal.PropertyBinder   : Building property id
2024-04-27T11:33:29.463-04:00 DEBUG 5844 --- [           main] o.h.boot.model.internal.BinderHelper     : #makeIdGenerator(BasicValue([Column(id)]), id, identity, , ...)
2024-04-27T11:33:29.464-04:00 DEBUG 5844 --- [           main] o.h.boot.model.internal.AnnotatedColumn  : Binding column: AnnotatedJoinColumn()
2024-04-27T11:33:29.464-04:00 DEBUG 5844 --- [           main] o.h.boot.model.internal.AnnotatedColumn  : Binding column: AnnotatedColumn()
2024-04-27T11:33:29.471-04:00 DEBUG 5844 --- [           main] o.h.boot.model.internal.AnnotatedColumn  : Binding column: IndexColumn(column='calificaciones_ORDER')
2024-04-27T11:33:29.472-04:00 DEBUG 5844 --- [           main] o.h.boot.model.internal.AnnotatedColumn  : Binding column: AnnotatedColumn()
2024-04-27T11:33:29.473-04:00 DEBUG 5844 --- [           main] o.h.boot.model.internal.AnnotatedColumn  : Binding column: AnnotatedColumn(column='calificaciones_KEY')
2024-04-27T11:33:29.473-04:00 DEBUG 5844 --- [           main] o.h.boot.model.internal.AnnotatedColumn  : Binding column: AnnotatedJoinColumn(column='calificaciones_KEY')
2024-04-27T11:33:29.473-04:00 DEBUG 5844 --- [           main] o.h.boot.model.internal.AnnotatedColumn  : Binding column: AnnotatedJoinColumn()
2024-04-27T11:33:29.473-04:00 DEBUG 5844 --- [           main] o.h.boot.model.internal.AnnotatedColumn  : Binding column: AnnotatedJoinColumn()
2024-04-27T11:33:29.475-04:00 DEBUG 5844 --- [           main] o.h.b.model.internal.CollectionBinder    : Collection role: com.example.publicaciones.model.Publicacion.calificaciones
2024-04-27T11:33:29.476-04:00 DEBUG 5844 --- [           main] o.h.boot.model.internal.PropertyBinder   : Building property calificaciones
2024-04-27T11:33:29.476-04:00 DEBUG 5844 --- [           main] o.h.boot.model.internal.AnnotatedColumn  : Binding column: AnnotatedJoinColumn()
2024-04-27T11:33:29.477-04:00 DEBUG 5844 --- [           main] o.h.boot.model.internal.AnnotatedColumn  : Binding column: AnnotatedColumn()
2024-04-27T11:33:29.477-04:00 DEBUG 5844 --- [           main] o.h.boot.model.internal.AnnotatedColumn  : Binding column: IndexColumn(column='comentarios_ORDER')
2024-04-27T11:33:29.477-04:00 DEBUG 5844 --- [           main] o.h.boot.model.internal.AnnotatedColumn  : Binding column: AnnotatedColumn()
2024-04-27T11:33:29.477-04:00 DEBUG 5844 --- [           main] o.h.boot.model.internal.AnnotatedColumn  : Binding column: AnnotatedColumn(column='comentarios_KEY')
2024-04-27T11:33:29.477-04:00 DEBUG 5844 --- [           main] o.h.boot.model.internal.AnnotatedColumn  : Binding column: AnnotatedJoinColumn(column='comentarios_KEY')
2024-04-27T11:33:29.477-04:00 DEBUG 5844 --- [           main] o.h.boot.model.internal.AnnotatedColumn  : Binding column: AnnotatedJoinColumn()
2024-04-27T11:33:29.477-04:00 DEBUG 5844 --- [           main] o.h.boot.model.internal.AnnotatedColumn  : Binding column: AnnotatedJoinColumn()
2024-04-27T11:33:29.477-04:00 DEBUG 5844 --- [           main] o.h.b.model.internal.CollectionBinder    : Collection role: com.example.publicaciones.model.Publicacion.comentarios
2024-04-27T11:33:29.477-04:00 DEBUG 5844 --- [           main] o.h.boot.model.internal.PropertyBinder   : Building property comentarios
2024-04-27T11:33:29.477-04:00 DEBUG 5844 --- [           main] o.h.boot.model.internal.AnnotatedColumn  : Binding column: AnnotatedColumn()
2024-04-27T11:33:29.478-04:00 DEBUG 5844 --- [           main] o.h.boot.model.internal.PropertyBinder   : MetadataSourceProcessor property contenido with lazy=false
2024-04-27T11:33:29.478-04:00 DEBUG 5844 --- [           main] o.h.b.m.internal.AbstractPropertyHolder  : Attempting to locate auto-apply AttributeConverter for property [com.example.publicaciones.model.Publicacion:contenido]
2024-04-27T11:33:29.478-04:00 DEBUG 5844 --- [           main] o.h.b.model.internal.BasicValueBinder    : building BasicValue for contenido
2024-04-27T11:33:29.478-04:00 DEBUG 5844 --- [           main] org.hibernate.mapping.BasicValue         : Skipping column re-registration: publicaciones.contenido
2024-04-27T11:33:29.478-04:00 DEBUG 5844 --- [           main] o.h.boot.model.internal.PropertyBinder   : Building property contenido
2024-04-27T11:33:29.478-04:00 DEBUG 5844 --- [           main] o.h.boot.model.internal.AnnotatedColumn  : Binding column: AnnotatedColumn()
2024-04-27T11:33:29.478-04:00 DEBUG 5844 --- [           main] o.h.boot.model.internal.PropertyBinder   : MetadataSourceProcessor property fecha with lazy=false
2024-04-27T11:33:29.478-04:00 DEBUG 5844 --- [           main] o.h.b.m.internal.AbstractPropertyHolder  : Attempting to locate auto-apply AttributeConverter for property [com.example.publicaciones.model.Publicacion:fecha]
2024-04-27T11:33:29.478-04:00 DEBUG 5844 --- [           main] o.h.b.model.internal.BasicValueBinder    : building BasicValue for fecha
2024-04-27T11:33:29.478-04:00 DEBUG 5844 --- [           main] org.hibernate.mapping.BasicValue         : Skipping column re-registration: publicaciones.fecha
2024-04-27T11:33:29.478-04:00 DEBUG 5844 --- [           main] o.h.boot.model.internal.PropertyBinder   : Building property fecha
2024-04-27T11:33:29.478-04:00 DEBUG 5844 --- [           main] o.h.boot.model.internal.AnnotatedColumn  : Binding column: AnnotatedColumn()
2024-04-27T11:33:29.478-04:00 DEBUG 5844 --- [           main] o.h.boot.model.internal.PropertyBinder   : MetadataSourceProcessor property titulo with lazy=false
2024-04-27T11:33:29.478-04:00 DEBUG 5844 --- [           main] o.h.b.m.internal.AbstractPropertyHolder  : Attempting to locate auto-apply AttributeConverter for property [com.example.publicaciones.model.Publicacion:titulo]
2024-04-27T11:33:29.478-04:00 DEBUG 5844 --- [           main] o.h.b.model.internal.BasicValueBinder    : building BasicValue for titulo
2024-04-27T11:33:29.478-04:00 DEBUG 5844 --- [           main] org.hibernate.mapping.BasicValue         : Skipping column re-registration: publicaciones.titulo
2024-04-27T11:33:29.478-04:00 DEBUG 5844 --- [           main] o.h.boot.model.internal.PropertyBinder   : Building property titulo
2024-04-27T11:33:29.479-04:00 DEBUG 5844 --- [           main] o.h.b.r.c.i.ClassLoaderServiceImpl       : HHH000194: Package not found or wo package-info.java: com.example.publicaciones.model
2024-04-27T11:33:29.480-04:00 DEBUG 5844 --- [           main] o.h.b.model.internal.BasicValueBinder    : Starting `BasicValueBinder#fillSimpleValue` for id
2024-04-27T11:33:29.481-04:00 DEBUG 5844 --- [           main] o.h.b.model.internal.BasicValueBinder    : Starting `BasicValueBinder#fillSimpleValue` for valor
2024-04-27T11:33:29.481-04:00 DEBUG 5844 --- [           main] o.h.b.model.internal.BasicValueBinder    : Starting `BasicValueBinder#fillSimpleValue` for id
2024-04-27T11:33:29.481-04:00 DEBUG 5844 --- [           main] o.h.b.model.internal.BasicValueBinder    : Starting `BasicValueBinder#fillSimpleValue` for fecha
2024-04-27T11:33:29.481-04:00 DEBUG 5844 --- [           main] o.h.b.model.internal.BasicValueBinder    : Starting `BasicValueBinder#fillSimpleValue` for texto
2024-04-27T11:33:29.481-04:00 DEBUG 5844 --- [           main] o.h.b.model.internal.BasicValueBinder    : Starting `BasicValueBinder#fillSimpleValue` for id
2024-04-27T11:33:29.481-04:00 DEBUG 5844 --- [           main] o.h.b.model.internal.BasicValueBinder    : Starting `BasicValueBinder#fillSimpleValue` for contenido
2024-04-27T11:33:29.481-04:00 DEBUG 5844 --- [           main] o.h.b.model.internal.BasicValueBinder    : Starting `BasicValueBinder#fillSimpleValue` for fecha
2024-04-27T11:33:29.481-04:00 DEBUG 5844 --- [           main] o.h.b.model.internal.BasicValueBinder    : Starting `BasicValueBinder#fillSimpleValue` for titulo
2024-04-27T11:33:29.484-04:00 DEBUG 5844 --- [           main] org.hibernate.mapping.PrimaryKey         : Forcing column [id] to be non-null as it is part of the primary key for table [calificaciones]
2024-04-27T11:33:29.484-04:00 DEBUG 5844 --- [           main] org.hibernate.mapping.PrimaryKey         : Forcing column [id] to be non-null as it is part of the primary key for table [comentarios]
2024-04-27T11:33:29.484-04:00 DEBUG 5844 --- [           main] org.hibernate.mapping.PrimaryKey         : Forcing column [id] to be non-null as it is part of the primary key for table [publicaciones]
2024-04-27T11:33:29.485-04:00 DEBUG 5844 --- [           main] o.h.b.m.internal.CollectionSecondPass    : Second pass for collection: com.example.publicaciones.model.Publicacion.calificaciones
2024-04-27T11:33:29.485-04:00 DEBUG 5844 --- [           main] o.h.b.model.internal.CollectionBinder    : Binding a OneToMany: com.example.publicaciones.model.Publicacion.calificaciones through a foreign key
2024-04-27T11:33:29.486-04:00 DEBUG 5844 --- [           main] o.h.b.model.internal.CollectionBinder    : Mapping collection: com.example.publicaciones.model.Publicacion.calificaciones -> calificaciones
2024-04-27T11:33:29.487-04:00 DEBUG 5844 --- [           main] o.h.boot.model.internal.TableBinder      : Retrieving property com.example.publicaciones.model.Calificacion.publicacion
2024-04-27T11:33:29.487-04:00 DEBUG 5844 --- [           main] o.h.b.m.internal.CollectionSecondPass    : Mapped collection key: publicacion_id, one-to-many: com.example.publicaciones.model.Calificacion
2024-04-27T11:33:29.487-04:00 DEBUG 5844 --- [           main] o.h.b.m.internal.CollectionSecondPass    : Second pass for collection: com.example.publicaciones.model.Publicacion.comentarios
2024-04-27T11:33:29.487-04:00 DEBUG 5844 --- [           main] o.h.b.model.internal.CollectionBinder    : Binding a OneToMany: com.example.publicaciones.model.Publicacion.comentarios through a foreign key
2024-04-27T11:33:29.487-04:00 DEBUG 5844 --- [           main] o.h.b.model.internal.CollectionBinder    : Mapping collection: com.example.publicaciones.model.Publicacion.comentarios -> comentarios
2024-04-27T11:33:29.487-04:00 DEBUG 5844 --- [           main] o.h.boot.model.internal.TableBinder      : Retrieving property com.example.publicaciones.model.Comentario.publicacion
[...]

   PulsarReactiveAutoConfiguration:
      Did not match:
         - @ConditionalOnClass did not find required class 'org.apache.pulsar.client.api.PulsarClient' (OnClassCondition)

   QuartzAutoConfiguration:
      Did not match:
         - @ConditionalOnClass did not find required class 'org.quartz.Scheduler' (OnClassCondition)

   R2dbcAutoConfiguration:
      Did not match:
         - @ConditionalOnClass did not find required class 'io.r2dbc.spi.ConnectionFactory' (OnClassCondition)

   R2dbcDataAutoConfiguration:
      Did not match:
         - @ConditionalOnClass did not find required class 'org.springframework.data.r2dbc.core.R2dbcEntityTemplate' (OnClassCondition)

   R2dbcInitializationConfiguration:
      Did not match:
         - @ConditionalOnClass did not find required classes 'io.r2dbc.spi.ConnectionFactory', 'org.springframework.r2dbc.connection.init.DatabasePopulator' (OnClassCondition)

   R2dbcRepositoriesAutoConfiguration:
      Did not match:
         - @ConditionalOnClass did not find required class 'io.r2dbc.spi.ConnectionFactory' (OnClassCondition)

   R2dbcTransactionManagerAutoConfiguration:
      Did not match:
         - @ConditionalOnClass did not find required class 'org.springframework.r2dbc.connection.R2dbcTransactionManager' (OnClassCondition)

   RSocketGraphQlClientAutoConfiguration:
      Did not match:
         - @ConditionalOnClass did not find required class 'graphql.GraphQL' (OnClassCondition)

   RSocketMessagingAutoConfiguration:
      Did not match:
         - @ConditionalOnClass did not find required class 'io.rsocket.RSocket' (OnClassCondition)

   RSocketRequesterAutoConfiguration:
      Did not match:
         - @ConditionalOnClass did not find required class 'io.rsocket.RSocket' (OnClassCondition)

   RSocketSecurityAutoConfiguration:
      Did not match:
         - @ConditionalOnClass did not find required class 'org.springframework.security.rsocket.core.SecuritySocketAcceptorInterceptor' (OnClassCondition)

   RSocketServerAutoConfiguration:
      Did not match:
         - @ConditionalOnClass did not find required class 'io.rsocket.core.RSocketServer' (OnClassCondition)

   RSocketStrategiesAutoConfiguration:
      Did not match:
         - @ConditionalOnClass did not find required class 'io.netty.buffer.PooledByteBufAllocator' (OnClassCondition)

   RabbitAutoConfiguration:
      Did not match:
         - @ConditionalOnClass did not find required class 'com.rabbitmq.client.Channel' (OnClassCondition)

   ReactiveElasticsearchClientAutoConfiguration:
      Did not match:
         - @ConditionalOnClass did not find required class 'co.elastic.clients.transport.ElasticsearchTransport' (OnClassCondition)

   ReactiveElasticsearchRepositoriesAutoConfiguration:
      Did not match:
         - @ConditionalOnClass did not find required class 'org.springframework.data.elasticsearch.client.elc.ReactiveElasticsearchClient' (OnClassCondition)

   ReactiveMultipartAutoConfiguration:
      Did not match:
         - @ConditionalOnClass did not find required class 'org.springframework.web.reactive.config.WebFluxConfigurer' (OnClassCondition)

   ReactiveOAuth2ClientAutoConfiguration:
      Did not match:
         - @ConditionalOnClass did not find required class 'reactor.core.publisher.Flux' (OnClassCondition)

   ReactiveOAuth2ResourceServerAutoConfiguration:
      Did not match:
         - @ConditionalOnClass did not find required class 'org.springframework.security.config.annotation.web.reactive.EnableWebFluxSecurity' (OnClassCondition)

   ReactiveSecurityAutoConfiguration:
      Did not match:
         - @ConditionalOnClass did not find required class 'reactor.core.publisher.Flux' (OnClassCondition)

   ReactiveUserDetailsServiceAutoConfiguration:
      Did not match:
         - @ConditionalOnClass did not find required class 'org.springframework.security.authentication.ReactiveAuthenticationManager' (OnClassCondition)

   ReactiveWebServerFactoryAutoConfiguration:
      Did not match:
         - @ConditionalOnWebApplication did not find reactive web application classes (OnWebApplicationCondition)

   ReactorAutoConfiguration:
      Did not match:
         - @ConditionalOnClass did not find required class 'reactor.core.publisher.Hooks' (OnClassCondition)

   RedisAutoConfiguration:
      Did not match:
         - @ConditionalOnClass did not find required class 'org.springframework.data.redis.core.RedisOperations' (OnClassCondition)

   RedisCacheConfiguration:
      Did not match:
         - @ConditionalOnClass did not find required class 'org.springframework.data.redis.connection.RedisConnectionFactory' (OnClassCondition)

   RedisReactiveAutoConfiguration:
      Did not match:
         - @ConditionalOnClass did not find required class 'reactor.core.publisher.Flux' (OnClassCondition)

   RedisRepositoriesAutoConfiguration:
      Did not match:
         - @ConditionalOnClass did not find required class 'org.springframework.data.redis.repository.configuration.EnableRedisRepositories' (OnClassCondition)

   RemoteDevToolsAutoConfiguration:
      Did not match:
         - @ConditionalOnProperty (spring.devtools.remote.secret) did not find property 'secret' (OnPropertyCondition)
      Matched:
         - @ConditionalOnClass found required classes 'jakarta.servlet.Filter', 'org.springframework.http.server.ServerHttpRequest' (OnClassCondition)

   RepositoryRestMvcAutoConfiguration:
      Did not match:
         - @ConditionalOnClass did not find required class 'org.springframework.data.rest.webmvc.config.RepositoryRestMvcConfiguration' (OnClassCondition)

   Saml2RelyingPartyAutoConfiguration:
      Did not match:
         - @ConditionalOnClass did not find required class 'org.springframework.security.saml2.provider.service.registration.RelyingPartyRegistrationRepository' (OnClassCondition)

   SecurityAutoConfiguration:
      Did not match:
         - @ConditionalOnClass did not find required class 'org.springframework.security.authentication.DefaultAuthenticationEventPublisher' (OnClassCondition)

   SecurityFilterAutoConfiguration:
      Did not match:
         - @ConditionalOnClass did not find required class 'org.springframework.security.config.http.SessionCreationPolicy' (OnClassCondition)

   SendGridAutoConfiguration:
      Did not match:
         - @ConditionalOnClass did not find required class 'com.sendgrid.SendGrid' (OnClassCondition)

   ServletWebServerFactoryAutoConfiguration.ForwardedHeaderFilterConfiguration:
      Did not match:
         - @ConditionalOnProperty (server.forward-headers-strategy=framework) did not find property 'server.forward-headers-strategy' (OnPropertyCondition)

   ServletWebServerFactoryConfiguration.EmbeddedJetty:
      Did not match:
         - @ConditionalOnClass did not find required classes 'org.eclipse.jetty.server.Server', 'org.eclipse.jetty.util.Loader', 'org.eclipse.jetty.ee10.webapp.WebAppContext' (OnClassCondition)

   ServletWebServerFactoryConfiguration.EmbeddedUndertow:
      Did not match:
         - @ConditionalOnClass did not find required classes 'io.undertow.Undertow', 'org.xnio.SslClientAuthMode' (OnClassCondition)

   SessionAutoConfiguration:
      Did not match:
         - @ConditionalOnClass did not find required class 'org.springframework.session.Session' (OnClassCondition)

   SpringApplicationAdminJmxAutoConfiguration:
      Did not match:
         - @ConditionalOnProperty (spring.application.admin.enabled=true) did not find property 'enabled' (OnPropertyCondition)

   TaskExecutorConfigurations.SimpleAsyncTaskExecutorBuilderConfiguration#simpleAsyncTaskExecutorBuilderVirtualThreads:
      Did not match:
         - @ConditionalOnMissingBean (types: org.springframework.boot.task.SimpleAsyncTaskExecutorBuilder; SearchStrategy: all) found beans of type 'org.springframework.boot.task.SimpleAsyncTaskExecutorBuilder' simpleAsyncTaskExecutorBuilder (OnBeanCondition)

   TaskExecutorConfigurations.TaskExecutorConfiguration#applicationTaskExecutorVirtualThreads:
      Did not match:
         - @ConditionalOnThreading did not find VIRTUAL (OnThreadingCondition)

   TaskSchedulingAutoConfiguration#scheduledBeanLazyInitializationExcludeFilter:
      Did not match:
         - @ConditionalOnBean (names: org.springframework.context.annotation.internalScheduledAnnotationProcessor; SearchStrategy: all) did not find any beans named org.springframework.context.annotation.internalScheduledAnnotationProcessor (OnBeanCondition)

   TaskSchedulingConfigurations.SimpleAsyncTaskSchedulerBuilderConfiguration#simpleAsyncTaskSchedulerBuilderVirtualThreads:
      Did not match:
         - @ConditionalOnMissingBean (types: org.springframework.boot.task.SimpleAsyncTaskSchedulerBuilder; SearchStrategy: all) found beans of type 'org.springframework.boot.task.SimpleAsyncTaskSchedulerBuilder' simpleAsyncTaskSchedulerBuilder (OnBeanCondition)

   TaskSchedulingConfigurations.TaskSchedulerConfiguration:
      Did not match:
         - @ConditionalOnBean (names: org.springframework.context.annotation.internalScheduledAnnotationProcessor; SearchStrategy: all) did not find any beans named org.springframework.context.annotation.internalScheduledAnnotationProcessor (OnBeanCondition)

   ThymeleafAutoConfiguration:
      Did not match:
         - @ConditionalOnClass did not find required class 'org.thymeleaf.spring6.SpringTemplateEngine' (OnClassCondition)

   TransactionAutoConfiguration#transactionalOperator:
      Did not match:
         - @ConditionalOnSingleCandidate (types: org.springframework.transaction.ReactiveTransactionManager; SearchStrategy: all) did not find any beans (OnBeanCondition)

   TransactionAutoConfiguration.AspectJTransactionManagementConfiguration:
      Did not match:
         - @ConditionalOnBean (types: org.springframework.transaction.aspectj.AbstractTransactionAspect; SearchStrategy: all) did not find any beans of type org.springframework.transaction.aspectj.AbstractTransactionAspect (OnBeanCondition)

   TransactionAutoConfiguration.EnableTransactionManagementConfiguration.JdkDynamicAutoProxyConfiguration:
      Did not match:
         - @ConditionalOnProperty (spring.aop.proxy-target-class=false) did not find property 'proxy-target-class' (OnPropertyCondition)

   UserDetailsServiceAutoConfiguration:
      Did not match:
         - @ConditionalOnClass did not find required class 'org.springframework.security.authentication.AuthenticationManager' (OnClassCondition)

   ValidationAutoConfiguration:
      Did not match:
         - @ConditionalOnClass did not find required class 'jakarta.validation.executable.ExecutableValidator' (OnClassCondition)

   WebClientAutoConfiguration:
      Did not match:
         - @ConditionalOnClass did not find required class 'org.springframework.web.reactive.function.client.WebClient' (OnClassCondition)

   WebFluxAutoConfiguration:
      Did not match:
         - @ConditionalOnClass did not find required class 'org.springframework.web.reactive.config.WebFluxConfigurer' (OnClassCondition)

   WebMvcAutoConfiguration#hiddenHttpMethodFilter:
      Did not match:
         - @ConditionalOnProperty (spring.mvc.hiddenmethod.filter.enabled) did not find property 'enabled' (OnPropertyCondition)

   WebMvcAutoConfiguration.ProblemDetailsErrorHandlingConfiguration:
      Did not match:
         - @ConditionalOnProperty (spring.mvc.problemdetails.enabled=true) did not find property 'enabled' (OnPropertyCondition)

   WebMvcAutoConfiguration.ResourceChainCustomizerConfiguration:
      Did not match:
         - @ConditionalOnEnabledResourceChain did not find class org.webjars.WebJarAssetLocator (OnEnabledResourceChainCondition)

   WebMvcAutoConfiguration.WebMvcAutoConfigurationAdapter#beanNameViewResolver:
      Did not match:
         - @ConditionalOnMissingBean (types: org.springframework.web.servlet.view.BeanNameViewResolver; SearchStrategy: all) found beans of type 'org.springframework.web.servlet.view.BeanNameViewResolver' beanNameViewResolver (OnBeanCondition)

   WebServiceTemplateAutoConfiguration:
      Did not match:
         - @ConditionalOnClass did not find required class 'org.springframework.oxm.Marshaller' (OnClassCondition)

   WebServicesAutoConfiguration:
      Did not match:
         - @ConditionalOnClass did not find required class 'org.springframework.ws.transport.http.MessageDispatcherServlet' (OnClassCondition)

   WebSessionIdResolverAutoConfiguration:
      Did not match:
         - @ConditionalOnClass did not find required class 'reactor.core.publisher.Mono' (OnClassCondition)

   WebSocketMessagingAutoConfiguration:
      Did not match:
         - @ConditionalOnClass did not find required class 'org.springframework.web.socket.config.annotation.WebSocketMessageBrokerConfigurer' (OnClassCondition)

   WebSocketReactiveAutoConfiguration:
      Did not match:
         - @ConditionalOnWebApplication did not find reactive web application classes (OnWebApplicationCondition)

   WebSocketServletAutoConfiguration.JettyWebSocketConfiguration:
      Did not match:
         - @ConditionalOnClass did not find required class 'org.eclipse.jetty.ee10.websocket.jakarta.server.config.JakartaWebSocketServletContainerInitializer' (OnClassCondition)

   WebSocketServletAutoConfiguration.UndertowWebSocketConfiguration:
      Did not match:
         - @ConditionalOnClass did not find required class 'io.undertow.websockets.jsr.Bootstrap' (OnClassCondition)

   XADataSourceAutoConfiguration:
      Did not match:
         - @ConditionalOnBean (types: org.springframework.boot.jdbc.XADataSourceWrapper; SearchStrategy: all) did not find any beans of type org.springframework.boot.jdbc.XADataSourceWrapper (OnBeanCondition)
      Matched:
         - @ConditionalOnClass found required classes 'javax.sql.DataSource', 'jakarta.transaction.TransactionManager', 'org.springframework.jdbc.datasource.embedded.EmbeddedDatabaseType' (OnClassCondition)


Exclusions:
-----------

    None


Unconditional classes:
----------------------

    org.springframework.boot.autoconfigure.context.ConfigurationPropertiesAutoConfiguration

    org.springframework.boot.autoconfigure.ssl.SslAutoConfiguration

    org.springframework.boot.autoconfigure.context.LifecycleAutoConfiguration

    org.springframework.boot.autoconfigure.context.PropertyPlaceholderAutoConfiguration

    org.springframework.boot.autoconfigure.availability.ApplicationAvailabilityAutoConfiguration

    org.springframework.boot.autoconfigure.info.ProjectInfoAutoConfiguration



2024-04-27T11:33:31.064-04:00  INFO 5844 --- [           main] c.e.p.PublicacionesApplicationTests      : Started PublicacionesApplicationTests in 4.323 seconds (process running for 6.275)
2024-04-27T11:33:31.066-04:00 DEBUG 5844 --- [           main] o.s.b.a.ApplicationAvailabilityBean      : Application availability state LivenessState changed to CORRECT
2024-04-27T11:33:31.069-04:00 DEBUG 5844 --- [           main] o.s.boot.devtools.restart.Restarter      : Creating new Restarter for thread Thread[#1,main,5,main]
2024-04-27T11:33:31.069-04:00 DEBUG 5844 --- [           main] o.s.b.a.ApplicationAvailabilityBean      : Application availability state ReadinessState changed to ACCEPTING_TRAFFIC
2024-04-27T11:33:31.074-04:00 DEBUG 5844 --- [           main] org.springframework.test.context.cache   : Spring test ApplicationContext cache statistics: [DefaultContextCache@490e1017 size = 1, maxSize = 32, parentContextCount = 0, hitCount = 0, missCount = 1, failureCount = 0]
2024-04-27T11:33:31.074-04:00 DEBUG 5844 --- [           main] o.s.t.c.w.ServletTestExecutionListener   : Setting up MockHttpServletRequest, MockHttpServletResponse, ServletWebRequest, and RequestContextHolder for test class com.example.publicaciones.PublicacionesApplicationTests
2024-04-27T11:33:31.091-04:00 DEBUG 5844 --- [           main] DependencyInjectionTestExecutionListener : Performing dependency injection for test class com.example.publicaciones.PublicacionesApplicationTests
2024-04-27T11:33:31.091-04:00 DEBUG 5844 --- [           main] org.springframework.test.context.cache   : Spring test ApplicationContext cache statistics: [DefaultContextCache@490e1017 size = 1, maxSize = 32, parentContextCount = 0, hitCount = 1, missCount = 1, failureCount = 0]
2024-04-27T11:33:31.092-04:00 DEBUG 5844 --- [           main] org.springframework.test.context.cache   : Spring test ApplicationContext cache statistics: [DefaultContextCache@490e1017 size = 1, maxSize = 32, parentContextCount = 0, hitCount = 2, missCount = 1, failureCount = 0]
2024-04-27T11:33:31.093-04:00 DEBUG 5844 --- [           main] sContextBeforeModesTestExecutionListener : Before test method: class [PublicacionesApplicationTests], method [contextLoads], class annotated with @DirtiesContext [false] with mode [null], method annotated with @DirtiesContext [false] with mode [null]
2024-04-27T11:33:31.095-04:00 DEBUG 5844 --- [           main] org.springframework.test.context.cache   : Spring test ApplicationContext cache statistics: [DefaultContextCache@490e1017 size = 1, maxSize = 32, parentContextCount = 0, hitCount = 3, missCount = 1, failureCount = 0]
2024-04-27T11:33:31.095-04:00 DEBUG 5844 --- [           main] org.springframework.test.context.cache   : Spring test ApplicationContext cache statistics: [DefaultContextCache@490e1017 size = 1, maxSize = 32, parentContextCount = 0, hitCount = 4, missCount = 1, failureCount = 0]
2024-04-27T11:33:31.098-04:00 DEBUG 5844 --- [           main] org.springframework.test.context.cache   : Spring test ApplicationContext cache statistics: [DefaultContextCache@490e1017 size = 1, maxSize = 32, parentContextCount = 0, hitCount = 5, missCount = 1, failureCount = 0]
2024-04-27T11:33:31.099-04:00 DEBUG 5844 --- [           main] org.springframework.test.context.cache   : Spring test ApplicationContext cache statistics: [DefaultContextCache@490e1017 size = 1, maxSize = 32, parentContextCount = 0, hitCount = 6, missCount = 1, failureCount = 0]
2024-04-27T11:33:31.099-04:00 DEBUG 5844 --- [           main] org.springframework.test.context.cache   : Spring test ApplicationContext cache statistics: [DefaultContextCache@490e1017 size = 1, maxSize = 32, parentContextCount = 0, hitCount = 7, missCount = 1, failureCount = 0]
2024-04-27T11:33:31.099-04:00 DEBUG 5844 --- [           main] org.springframework.test.context.cache   : Spring test ApplicationContext cache statistics: [DefaultContextCache@490e1017 size = 1, maxSize = 32, parentContextCount = 0, hitCount = 8, missCount = 1, failureCount = 0]
2024-04-27T11:33:31.100-04:00 DEBUG 5844 --- [           main] org.springframework.test.context.cache   : Spring test ApplicationContext cache statistics: [DefaultContextCache@490e1017 size = 1, maxSize = 32, parentContextCount = 0, hitCount = 9, missCount = 1, failureCount = 0]
2024-04-27T11:33:31.100-04:00 DEBUG 5844 --- [           main] org.springframework.test.context.cache   : Spring test ApplicationContext cache statistics: [DefaultContextCache@490e1017 size = 1, maxSize = 32, parentContextCount = 0, hitCount = 10, missCount = 1, failureCount = 0]
2024-04-27T11:33:31.102-04:00 DEBUG 5844 --- [           main] org.springframework.test.context.cache   : Spring test ApplicationContext cache statistics: [DefaultContextCache@490e1017 size = 1, maxSize = 32, parentContextCount = 0, hitCount = 11, missCount = 1, failureCount = 0]
2024-04-27T11:33:31.102-04:00 DEBUG 5844 --- [           main] .c.s.DirtiesContextTestExecutionListener : After test method: class [PublicacionesApplicationTests], method [contextLoads], class annotated with @DirtiesContext [false] with mode [null], method annotated with @DirtiesContext [false] with mode [null]
2024-04-27T11:33:31.102-04:00 DEBUG 5844 --- [           main] o.s.t.c.w.ServletTestExecutionListener   : Resetting RequestContextHolder for test class com.example.publicaciones.PublicacionesApplicationTests
]]></system-out>
  </testcase>
</testsuite>