<?xml version="1.0" encoding="UTF-8"?>
<testsuite xmlns:xsi="http://www.w3.org/2001/XMLSchema-instance" xsi:noNamespaceSchemaLocation="https://maven.apache.org/surefire/maven-surefire-plugin/xsd/surefire-test-report-3.0.xsd" version="3.0" name="com.example.publicaciones.service.PublicacionServiceImplTest" time="0.089" tests="4" errors="0" skipped="0" failures="0">
  <properties>
[...]
</properties>
  <testcase name="testObtenerTodasLasPublicaciones" classname="com.example.publicaciones.service.PublicacionServiceImplTest" time="0.081"/>
  <testcase name="testObtenerPublicacionPorIdNoEncontrada" classname="com.example.publicaciones.service.PublicacionServiceImplTest" time="0.004"/>
  <testcase name="testObtenerPublicacionPorId" classname="com.example.publicaciones.service.PublicacionServiceImplTest" time="0.002"/>
  <testcase name="testCalcularPromedioDeCalificaciones" classname="com.example.publicaciones.service.PublicacionServiceImplTest" time="0.002"/>
</testsuite>